[ 2017-12-16T09:36:46+08:00 ] 125.84.181.20 /admin/www/
INFO: [ app_init ] --START--
INFO: Run Behavior\BuildLiteBehavior [ RunTime:0.000023s ]
INFO: [ app_init ] --END-- [ RunTime:0.013514s ]
INFO: [ app_begin ] --START--
INFO: Run Behavior\ReadHtmlCacheBehavior [ RunTime:0.002508s ]
INFO: [ app_begin ] --END-- [ RunTime:0.002575s ]

[ 2017-12-16T09:36:46+08:00 ] 125.84.181.20 /admin/www/index.php/Home/Pub/login.html
INFO: [ app_init ] --START--
INFO: Run Behavior\BuildLiteBehavior [ RunTime:0.000016s ]
INFO: [ app_init ] --END-- [ RunTime:0.000109s ]
INFO: [ app_begin ] --START--
INFO: Run Behavior\ReadHtmlCacheBehavior [ RunTime:0.000386s ]
INFO: [ app_begin ] --END-- [ RunTime:0.000447s ]
INFO: [ view_parse ] --START--
INFO: [ template_filter ] --START--
INFO: Run Behavior\ContentReplaceBehavior [ RunTime:0.000060s ]
INFO: [ template_filter ] --END-- [ RunTime:0.000141s ]
INFO: Run Behavior\ParseTemplateBehavior [ RunTime:0.128655s ]
INFO: [ view_parse ] --END-- [ RunTime:0.128731s ]
INFO: [ view_filter ] --START--
INFO: Run Behavior\WriteHtmlCacheBehavior [ RunTime:0.011154s ]
INFO: [ view_filter ] --END-- [ RunTime:0.011211s ]
INFO: [ app_end ] --START--
INFO: Run Behavior\ShowPageTraceBehavior [ RunTime:0.011442s ]
INFO: [ app_end ] --END-- [ RunTime:0.011500s ]

[ 2017-12-16T09:37:22+08:00 ] 125.84.181.20 /admin/www/index.php/Home/Pub/login.html
INFO: [ app_init ] --START--
INFO: Run Behavior\BuildLiteBehavior [ RunTime:0.000018s ]
INFO: [ app_init ] --END-- [ RunTime:0.000251s ]
INFO: [ app_begin ] --START--
INFO: Run Behavior\ReadHtmlCacheBehavior [ RunTime:0.000382s ]
INFO: [ app_begin ] --END-- [ RunTime:0.000435s ]
SQL: SHOW COLUMNS FROM `hyz_admin` [ RunTime:0.0179s ]
SQL: SELECT * FROM `hyz_admin` WHERE `account` = 'administarter' AND `pwd` = 'e10adc3949ba59abbe56e057f20f883e' LIMIT 1   [ RunTime:0.0005s ]

[ 2017-12-16T09:37:24+08:00 ] 125.84.181.20 /admin/www/index.php/Home/Index/index.html
INFO: [ app_init ] --START--
INFO: Run Behavior\BuildLiteBehavior [ RunTime:0.000018s ]
INFO: [ app_init ] --END-- [ RunTime:0.000207s ]
INFO: [ app_begin ] --START--
INFO: Run Behavior\ReadHtmlCacheBehavior [ RunTime:0.000286s ]
INFO: [ app_begin ] --END-- [ RunTime:0.000353s ]
INFO: [ view_parse ] --START--
INFO: [ template_filter ] --START--
INFO: Run Behavior\ContentReplaceBehavior [ RunTime:0.000076s ]
INFO: [ template_filter ] --END-- [ RunTime:0.000134s ]
INFO: Run Behavior\ParseTemplateBehavior [ RunTime:0.044233s ]
INFO: [ view_parse ] --END-- [ RunTime:0.044319s ]
INFO: [ view_filter ] --START--
INFO: Run Behavior\WriteHtmlCacheBehavior [ RunTime:0.000304s ]
INFO: [ view_filter ] --END-- [ RunTime:0.000353s ]
INFO: [ app_end ] --START--
INFO: Run Behavior\ShowPageTraceBehavior [ RunTime:0.000272s ]
INFO: [ app_end ] --END-- [ RunTime:0.000368s ]

[ 2017-12-16T09:37:26+08:00 ] 125.84.181.20 /admin/www/index.php/Home/Index/index/ac/menu.html
INFO: [ app_init ] --START--
INFO: Run Behavior\BuildLiteBehavior [ RunTime:0.000016s ]
INFO: [ app_init ] --END-- [ RunTime:0.000088s ]
INFO: [ app_begin ] --START--
INFO: Run Behavior\ReadHtmlCacheBehavior [ RunTime:0.000066s ]
INFO: [ app_begin ] --END-- [ RunTime:0.000113s ]
SQL: SHOW COLUMNS FROM `hyz_menu` [ RunTime:0.0203s ]
SQL: SELECT `id`,`pid`,name as text,`url` FROM `hyz_menu` ORDER BY sort asc  [ RunTime:0.0005s ]
SQL: SHOW COLUMNS FROM `hyz_node` [ RunTime:0.3035s ]
SQL: SELECT `id`,title as text,`name`,`sort` FROM `hyz_node` WHERE ( ismenu=1 AND groupid='12' )  [ RunTime:0.0005s ]
SQL: SELECT `id`,title as text,`name`,`sort` FROM `hyz_node` WHERE ( ismenu=1 AND groupid='13' )  [ RunTime:0.0004s ]
SQL: SELECT `id`,title as text,`name`,`sort` FROM `hyz_node` WHERE ( ismenu=1 AND groupid='10' )  [ RunTime:0.0004s ]
SQL: SELECT `id`,title as text,`name`,`sort` FROM `hyz_node` WHERE ( ismenu=1 AND groupid='7' )  [ RunTime:0.0004s ]

[ 2017-12-16T09:37:33+08:00 ] 125.84.181.20 /admin/www/index.php/Home/User/index.html
INFO: [ app_init ] --START--
INFO: Run Behavior\BuildLiteBehavior [ RunTime:0.000072s ]
INFO: [ app_init ] --END-- [ RunTime:0.000220s ]
INFO: [ app_begin ] --START--
INFO: Run Behavior\ReadHtmlCacheBehavior [ RunTime:0.000087s ]
INFO: [ app_begin ] --END-- [ RunTime:0.000144s ]
SQL: SHOW COLUMNS FROM `hyz_user` [ RunTime:0.0181s ]
SQL: SELECT COUNT(*) AS tp_count FROM `hyz_user` LIMIT 1   [ RunTime:0.0005s ]
SQL: SELECT * FROM `hyz_user` LIMIT 0,20   [ RunTime:0.0006s ]
NOTIC: [8] Undefined variable: name C:\phpStudy\WWW\hyz\admin\Application\Home\Controller\UserController.class.php 第 29 行.
INFO: [ view_parse ] --START--
INFO: [ template_filter ] --START--
INFO: Run Behavior\ContentReplaceBehavior [ RunTime:0.000069s ]
INFO: [ template_filter ] --END-- [ RunTime:0.000124s ]
INFO: Run Behavior\ParseTemplateBehavior [ RunTime:0.042079s ]
INFO: [ view_parse ] --END-- [ RunTime:0.042157s ]
INFO: [ view_filter ] --START--
INFO: Run Behavior\WriteHtmlCacheBehavior [ RunTime:0.000100s ]
INFO: [ view_filter ] --END-- [ RunTime:0.000141s ]
INFO: [ app_end ] --START--
INFO: Run Behavior\ShowPageTraceBehavior [ RunTime:0.000077s ]
INFO: [ app_end ] --END-- [ RunTime:0.000115s ]

[ 2017-12-16T09:37:35+08:00 ] 125.84.181.20 /admin/www/index.php/Home/User/index.html
INFO: [ app_init ] --START--
INFO: Run Behavior\BuildLiteBehavior [ RunTime:0.000066s ]
INFO: [ app_init ] --END-- [ RunTime:0.000151s ]
INFO: [ app_begin ] --START--
INFO: Run Behavior\ReadHtmlCacheBehavior [ RunTime:0.000383s ]
INFO: [ app_begin ] --END-- [ RunTime:0.000441s ]
SQL: SHOW COLUMNS FROM `hyz_user` [ RunTime:0.0172s ]
SQL: SELECT COUNT(*) AS tp_count FROM `hyz_user` LIMIT 1   [ RunTime:0.0004s ]
SQL: SELECT * FROM `hyz_user` LIMIT 0,20   [ RunTime:0.0004s ]
NOTIC: [8] Undefined variable: name C:\phpStudy\WWW\hyz\admin\Application\Home\Controller\UserController.class.php 第 29 行.
INFO: [ view_parse ] --START--
INFO: [ template_filter ] --START--
INFO: Run Behavior\ContentReplaceBehavior [ RunTime:0.000062s ]
INFO: [ template_filter ] --END-- [ RunTime:0.000111s ]
INFO: Run Behavior\ParseTemplateBehavior [ RunTime:0.008542s ]
INFO: [ view_parse ] --END-- [ RunTime:0.008609s ]
INFO: [ view_filter ] --START--
INFO: Run Behavior\WriteHtmlCacheBehavior [ RunTime:0.000444s ]
INFO: [ view_filter ] --END-- [ RunTime:0.000488s ]
INFO: [ app_end ] --START--
INFO: Run Behavior\ShowPageTraceBehavior [ RunTime:0.000342s ]
INFO: [ app_end ] --END-- [ RunTime:0.000386s ]

[ 2017-12-16T09:37:52+08:00 ] 125.84.181.20 /admin/www/index.php/Home/Business/index.html
INFO: [ app_init ] --START--
INFO: Run Behavior\BuildLiteBehavior [ RunTime:0.000018s ]
INFO: [ app_init ] --END-- [ RunTime:0.000208s ]
INFO: [ app_begin ] --START--
INFO: Run Behavior\ReadHtmlCacheBehavior [ RunTime:0.000450s ]
INFO: [ app_begin ] --END-- [ RunTime:0.000506s ]
ERR: 无法加载控制器:Business

[ 2017-12-16T09:37:55+08:00 ] 125.84.181.20 /admin/www/index.php/Home/Advert/index.html
INFO: [ app_init ] --START--
INFO: Run Behavior\BuildLiteBehavior [ RunTime:0.000023s ]
INFO: [ app_init ] --END-- [ RunTime:0.000125s ]
INFO: [ app_begin ] --START--
INFO: Run Behavior\ReadHtmlCacheBehavior [ RunTime:0.000442s ]
INFO: [ app_begin ] --END-- [ RunTime:0.000497s ]
SQL: SHOW COLUMNS FROM `hyz_advert` [ RunTime:0.3628s ]
SQL: SELECT COUNT(*) AS tp_count FROM `hyz_advert` LIMIT 1   [ RunTime:0.0005s ]
SQL: SELECT * FROM `hyz_advert` LIMIT 0,20   [ RunTime:0.0003s ]
NOTIC: [8] Undefined variable: name C:\phpStudy\WWW\hyz\admin\Application\Home\Controller\AdvertController.class.php 第 34 行.
INFO: [ view_parse ] --START--
INFO: [ template_filter ] --START--
INFO: Run Behavior\ContentReplaceBehavior [ RunTime:0.000080s ]
INFO: [ template_filter ] --END-- [ RunTime:0.000160s ]
INFO: Run Behavior\ParseTemplateBehavior [ RunTime:0.036547s ]
INFO: [ view_parse ] --END-- [ RunTime:0.036623s ]
INFO: [ view_filter ] --START--
INFO: Run Behavior\WriteHtmlCacheBehavior [ RunTime:0.000525s ]
INFO: [ view_filter ] --END-- [ RunTime:0.000572s ]
INFO: [ app_end ] --START--
INFO: Run Behavior\ShowPageTraceBehavior [ RunTime:0.000410s ]
INFO: [ app_end ] --END-- [ RunTime:0.000453s ]

[ 2017-12-16T09:37:56+08:00 ] 125.84.181.20 /admin/www/index.php/Home/Rabc/roleadmin.html
INFO: [ app_init ] --START--
INFO: Run Behavior\BuildLiteBehavior [ RunTime:0.000015s ]
INFO: [ app_init ] --END-- [ RunTime:0.000089s ]
INFO: [ app_begin ] --START--
INFO: Run Behavior\ReadHtmlCacheBehavior [ RunTime:0.000351s ]
INFO: [ app_begin ] --END-- [ RunTime:0.000408s ]
SQL: SHOW COLUMNS FROM `hyz_role` [ RunTime:0.1262s ]
SQL: SELECT * FROM `hyz_role` ORDER BY id desc  [ RunTime:0.0005s ]
INFO: [ view_parse ] --START--
INFO: [ template_filter ] --START--
INFO: Run Behavior\ContentReplaceBehavior [ RunTime:0.000073s ]
INFO: [ template_filter ] --END-- [ RunTime:0.000145s ]
NOTIC: [8] Undefined variable: item C:\phpStudy\WWW\hyz\admin\Runtime\Cache\Home\eb053667eff8fe54333ab81f0fdc1bca.php 第 38 行.
NOTIC: [8] Undefined variable: fpage C:\phpStudy\WWW\hyz\admin\Runtime\Cache\Home\eb053667eff8fe54333ab81f0fdc1bca.php 第 74 行.
INFO: Run Behavior\ParseTemplateBehavior [ RunTime:0.053563s ]
INFO: [ view_parse ] --END-- [ RunTime:0.053635s ]
INFO: [ view_filter ] --START--
INFO: Run Behavior\WriteHtmlCacheBehavior [ RunTime:0.000336s ]
INFO: [ view_filter ] --END-- [ RunTime:0.000382s ]
INFO: [ app_end ] --START--
INFO: Run Behavior\ShowPageTraceBehavior [ RunTime:0.000334s ]
INFO: [ app_end ] --END-- [ RunTime:0.000397s ]

[ 2017-12-16T09:38:01+08:00 ] 125.84.181.20 /admin/www/index.php/Home/User/index.html
INFO: [ app_init ] --START--
INFO: Run Behavior\BuildLiteBehavior [ RunTime:0.000019s ]
INFO: [ app_init ] --END-- [ RunTime:0.000209s ]
INFO: [ app_begin ] --START--
INFO: Run Behavior\ReadHtmlCacheBehavior [ RunTime:0.000368s ]
INFO: [ app_begin ] --END-- [ RunTime:0.000423s ]
SQL: SHOW COLUMNS FROM `hyz_user` [ RunTime:0.0177s ]
SQL: SELECT COUNT(*) AS tp_count FROM `hyz_user` LIMIT 1   [ RunTime:0.0003s ]
SQL: SELECT * FROM `hyz_user` LIMIT 0,20   [ RunTime:0.0004s ]
NOTIC: [8] Undefined variable: name C:\phpStudy\WWW\hyz\admin\Application\Home\Controller\UserController.class.php 第 29 行.
INFO: [ view_parse ] --START--
INFO: [ template_filter ] --START--
INFO: Run Behavior\ContentReplaceBehavior [ RunTime:0.000062s ]
INFO: [ template_filter ] --END-- [ RunTime:0.000109s ]
INFO: Run Behavior\ParseTemplateBehavior [ RunTime:0.008043s ]
INFO: [ view_parse ] --END-- [ RunTime:0.008107s ]
INFO: [ view_filter ] --START--
INFO: Run Behavior\WriteHtmlCacheBehavior [ RunTime:0.000460s ]
INFO: [ view_filter ] --END-- [ RunTime:0.000505s ]
INFO: [ app_end ] --START--
INFO: Run Behavior\ShowPageTraceBehavior [ RunTime:0.000354s ]
INFO: [ app_end ] --END-- [ RunTime:0.000399s ]

[ 2017-12-16T09:39:38+08:00 ] 125.84.181.20 /admin/www/index.php/Home/Index/index.html
INFO: [ app_init ] --START--
INFO: Run Behavior\BuildLiteBehavior [ RunTime:0.000021s ]
INFO: [ app_init ] --END-- [ RunTime:0.000292s ]
INFO: [ app_begin ] --START--
INFO: Run Behavior\ReadHtmlCacheBehavior [ RunTime:0.000500s ]
INFO: [ app_begin ] --END-- [ RunTime:0.000558s ]
INFO: [ view_parse ] --START--
INFO: [ template_filter ] --START--
INFO: Run Behavior\ContentReplaceBehavior [ RunTime:0.000092s ]
INFO: [ template_filter ] --END-- [ RunTime:0.000148s ]
INFO: Run Behavior\ParseTemplateBehavior [ RunTime:0.029446s ]
INFO: [ view_parse ] --END-- [ RunTime:0.029540s ]
INFO: [ view_filter ] --START--
INFO: Run Behavior\WriteHtmlCacheBehavior [ RunTime:0.000592s ]
INFO: [ view_filter ] --END-- [ RunTime:0.000656s ]
INFO: [ app_end ] --START--
INFO: Run Behavior\ShowPageTraceBehavior [ RunTime:0.000643s ]
INFO: [ app_end ] --END-- [ RunTime:0.000723s ]

[ 2017-12-16T09:39:39+08:00 ] 125.84.181.20 /admin/www/index.php/Home/Index/index/ac/menu.html
INFO: [ app_init ] --START--
INFO: Run Behavior\BuildLiteBehavior [ RunTime:0.000015s ]
INFO: [ app_init ] --END-- [ RunTime:0.000129s ]
INFO: [ app_begin ] --START--
INFO: Run Behavior\ReadHtmlCacheBehavior [ RunTime:0.000281s ]
INFO: [ app_begin ] --END-- [ RunTime:0.000333s ]
SQL: SHOW COLUMNS FROM `hyz_menu` [ RunTime:0.0152s ]
SQL: SELECT `id`,`pid`,name as text,`url` FROM `hyz_menu` ORDER BY sort asc  [ RunTime:0.0005s ]
SQL: SHOW COLUMNS FROM `hyz_node` [ RunTime:0.0108s ]
SQL: SELECT `id`,title as text,`name`,`sort` FROM `hyz_node` WHERE ( ismenu=1 AND groupid='12' )  [ RunTime:0.0004s ]
SQL: SELECT `id`,title as text,`name`,`sort` FROM `hyz_node` WHERE ( ismenu=1 AND groupid='13' )  [ RunTime:0.0003s ]
SQL: SELECT `id`,title as text,`name`,`sort` FROM `hyz_node` WHERE ( ismenu=1 AND groupid='10' )  [ RunTime:0.0004s ]
SQL: SELECT `id`,title as text,`name`,`sort` FROM `hyz_node` WHERE ( ismenu=1 AND groupid='7' )  [ RunTime:0.0004s ]

[ 2017-12-16T09:39:47+08:00 ] 125.84.181.20 /admin/www/index.php/Home/User/index.html
INFO: [ app_init ] --START--
INFO: Run Behavior\BuildLiteBehavior [ RunTime:0.000020s ]
INFO: [ app_init ] --END-- [ RunTime:0.000208s ]
INFO: [ app_begin ] --START--
INFO: Run Behavior\ReadHtmlCacheBehavior [ RunTime:0.000360s ]
INFO: [ app_begin ] --END-- [ RunTime:0.000417s ]
SQL: SHOW COLUMNS FROM `hyz_user` [ RunTime:0.0177s ]
SQL: SELECT COUNT(*) AS tp_count FROM `hyz_user` LIMIT 1   [ RunTime:0.0004s ]
SQL: SELECT * FROM `hyz_user` LIMIT 0,20   [ RunTime:0.0005s ]
NOTIC: [8] Undefined variable: name C:\phpStudy\WWW\hyz\admin\Application\Home\Controller\UserController.class.php 第 29 行.
INFO: [ view_parse ] --START--
INFO: [ template_filter ] --START--
INFO: Run Behavior\ContentReplaceBehavior [ RunTime:0.000061s ]
INFO: [ template_filter ] --END-- [ RunTime:0.000112s ]
NOTIC: [8] Undefined index: id C:\phpStudy\WWW\hyz\admin\Runtime\Cache\Home\b9311734e911642e1df78ee1c29cc938.php 第 67 行.
INFO: Run Behavior\ParseTemplateBehavior [ RunTime:0.009197s ]
INFO: [ view_parse ] --END-- [ RunTime:0.009268s ]
INFO: [ view_filter ] --START--
INFO: Run Behavior\WriteHtmlCacheBehavior [ RunTime:0.000467s ]
INFO: [ view_filter ] --END-- [ RunTime:0.000511s ]
INFO: [ app_end ] --START--
INFO: Run Behavior\ShowPageTraceBehavior [ RunTime:0.000374s ]
INFO: [ app_end ] --END-- [ RunTime:0.000419s ]

[ 2017-12-16T09:39:49+08:00 ] 125.84.181.20 /admin/www/index.php/Home/User/index.html
INFO: [ app_init ] --START--
INFO: Run Behavior\BuildLiteBehavior [ RunTime:0.000015s ]
INFO: [ app_init ] --END-- [ RunTime:0.000090s ]
INFO: [ app_begin ] --START--
INFO: Run Behavior\ReadHtmlCacheBehavior [ RunTime:0.000390s ]
INFO: [ app_begin ] --END-- [ RunTime:0.000452s ]
SQL: SHOW COLUMNS FROM `hyz_user` [ RunTime:0.0154s ]
SQL: SELECT COUNT(*) AS tp_count FROM `hyz_user` LIMIT 1   [ RunTime:0.0004s ]
SQL: SELECT * FROM `hyz_user` LIMIT 0,20   [ RunTime:0.0004s ]
NOTIC: [8] Undefined variable: name C:\phpStudy\WWW\hyz\admin\Application\Home\Controller\UserController.class.php 第 29 行.
INFO: [ view_parse ] --START--
INFO: [ template_filter ] --START--
INFO: Run Behavior\ContentReplaceBehavior [ RunTime:0.000070s ]
INFO: [ template_filter ] --END-- [ RunTime:0.000120s ]
NOTIC: [8] Undefined index: id C:\phpStudy\WWW\hyz\admin\Runtime\Cache\Home\b9311734e911642e1df78ee1c29cc938.php 第 67 行.
INFO: Run Behavior\ParseTemplateBehavior [ RunTime:0.008120s ]
INFO: [ view_parse ] --END-- [ RunTime:0.008177s ]
INFO: [ view_filter ] --START--
INFO: Run Behavior\WriteHtmlCacheBehavior [ RunTime:0.000311s ]
INFO: [ view_filter ] --END-- [ RunTime:0.000354s ]
INFO: [ app_end ] --START--
INFO: Run Behavior\ShowPageTraceBehavior [ RunTime:0.000335s ]
INFO: [ app_end ] --END-- [ RunTime:0.000380s ]

[ 2017-12-16T09:41:16+08:00 ] 125.84.181.20 /admin/www/index.php/Home/User/index.html
INFO: [ app_init ] --START--
INFO: Run Behavior\BuildLiteBehavior [ RunTime:0.000019s ]
INFO: [ app_init ] --END-- [ RunTime:0.000199s ]
INFO: [ app_begin ] --START--
INFO: Run Behavior\ReadHtmlCacheBehavior [ RunTime:0.000358s ]
INFO: [ app_begin ] --END-- [ RunTime:0.000412s ]
SQL: SHOW COLUMNS FROM `hyz_user` [ RunTime:0.0178s ]
SQL: SELECT COUNT(*) AS tp_count FROM `hyz_user` LIMIT 1   [ RunTime:0.0003s ]
SQL: SELECT * FROM `hyz_user` LIMIT 0,20   [ RunTime:0.0004s ]
NOTIC: [8] Undefined variable: name C:\phpStudy\WWW\hyz\admin\Application\Home\Controller\UserController.class.php 第 29 行.
INFO: [ view_parse ] --START--
INFO: [ template_filter ] --START--
INFO: Run Behavior\ContentReplaceBehavior [ RunTime:0.000059s ]
INFO: [ template_filter ] --END-- [ RunTime:0.000108s ]
NOTIC: [8] Undefined index: id C:\phpStudy\WWW\hyz\admin\Runtime\Cache\Home\b9311734e911642e1df78ee1c29cc938.php 第 67 行.
INFO: Run Behavior\ParseTemplateBehavior [ RunTime:0.007855s ]
INFO: [ view_parse ] --END-- [ RunTime:0.007959s ]
INFO: [ view_filter ] --START--
INFO: Run Behavior\WriteHtmlCacheBehavior [ RunTime:0.000382s ]
INFO: [ view_filter ] --END-- [ RunTime:0.000433s ]
INFO: [ app_end ] --START--
INFO: Run Behavior\ShowPageTraceBehavior [ RunTime:0.000358s ]
INFO: [ app_end ] --END-- [ RunTime:0.000436s ]

[ 2017-12-16T09:42:05+08:00 ] 125.84.181.20 /admin/www/index.php/Home/User/index.html
INFO: [ app_init ] --START--
INFO: Run Behavior\BuildLiteBehavior [ RunTime:0.000017s ]
INFO: [ app_init ] --END-- [ RunTime:0.000239s ]
INFO: [ app_begin ] --START--
INFO: Run Behavior\ReadHtmlCacheBehavior [ RunTime:0.000408s ]
INFO: [ app_begin ] --END-- [ RunTime:0.000463s ]
SQL: SHOW COLUMNS FROM `hyz_user` [ RunTime:0.0153s ]
SQL: SELECT COUNT(*) AS tp_count FROM `hyz_user` LIMIT 1   [ RunTime:0.0004s ]
SQL: SELECT * FROM `hyz_user` LIMIT 0,20   [ RunTime:0.0004s ]
NOTIC: [8] Undefined variable: name C:\phpStudy\WWW\hyz\admin\Application\Home\Controller\UserController.class.php 第 29 行.
INFO: [ view_parse ] --START--
INFO: [ template_filter ] --START--
INFO: Run Behavior\ContentReplaceBehavior [ RunTime:0.000061s ]
INFO: [ template_filter ] --END-- [ RunTime:0.000109s ]
NOTIC: [8] Undefined index: id C:\phpStudy\WWW\hyz\admin\Runtime\Cache\Home\b9311734e911642e1df78ee1c29cc938.php 第 67 行.
INFO: Run Behavior\ParseTemplateBehavior [ RunTime:0.026900s ]
INFO: [ view_parse ] --END-- [ RunTime:0.026963s ]
INFO: [ view_filter ] --START--
INFO: Run Behavior\WriteHtmlCacheBehavior [ RunTime:0.000448s ]
INFO: [ view_filter ] --END-- [ RunTime:0.000493s ]
INFO: [ app_end ] --START--
INFO: Run Behavior\ShowPageTraceBehavior [ RunTime:0.000367s ]
INFO: [ app_end ] --END-- [ RunTime:0.000412s ]

[ 2017-12-16T09:43:03+08:00 ] 14.116.137.168 /admin/www/?nsukey=DM8%2BMk%2FRYns5P7rImPBAwsKO%2BfM4kW9MxFjiymDZXYM2uTS0GKNOAMxLRZQxg7ZQ%2FsKBQGUKkqwk3CtOSKFt1HlruT15kvqcMYkzZU2zIUo8YN%2FnOCSFWiURdTCNsvBL7BZhUSYriP3O%2B9Dek5%2FjXouhnPlk0dZJy609Nz53jI0aFBtreQlUqky9AVPbs5B9KpWV7FdRnjbssGEWxnZqQg%3D%3D
INFO: [ app_init ] --START--
INFO: Run Behavior\BuildLiteBehavior [ RunTime:0.000019s ]
INFO: [ app_init ] --END-- [ RunTime:0.000201s ]
INFO: [ app_begin ] --START--
INFO: Run Behavior\ReadHtmlCacheBehavior [ RunTime:0.000504s ]
INFO: [ app_begin ] --END-- [ RunTime:0.000562s ]

[ 2017-12-16T09:43:03+08:00 ] 14.116.137.168 /admin/www/index.php/Home/Pub/login.html
INFO: [ app_init ] --START--
INFO: Run Behavior\BuildLiteBehavior [ RunTime:0.000016s ]
INFO: [ app_init ] --END-- [ RunTime:0.000099s ]
INFO: [ app_begin ] --START--
INFO: Run Behavior\ReadHtmlCacheBehavior [ RunTime:0.000292s ]
INFO: [ app_begin ] --END-- [ RunTime:0.000348s ]
INFO: [ view_parse ] --START--
INFO: [ template_filter ] --START--
INFO: Run Behavior\ContentReplaceBehavior [ RunTime:0.000057s ]
INFO: [ template_filter ] --END-- [ RunTime:0.000106s ]
INFO: Run Behavior\ParseTemplateBehavior [ RunTime:0.005096s ]
INFO: [ view_parse ] --END-- [ RunTime:0.005174s ]
INFO: [ view_filter ] --START--
INFO: Run Behavior\WriteHtmlCacheBehavior [ RunTime:0.000388s ]
INFO: [ view_filter ] --END-- [ RunTime:0.000432s ]
INFO: [ app_end ] --START--
INFO: Run Behavior\ShowPageTraceBehavior [ RunTime:0.000351s ]
INFO: [ app_end ] --END-- [ RunTime:0.000395s ]

[ 2017-12-16T09:43:03+08:00 ] 113.96.231.120 /admin/www/?nsukey=DM8%2BMk%2FRYns5P7rImPBAwsKO%2BfM4kW9MxFjiymDZXYM2uTS0GKNOAMxLRZQxg7ZQ%2FsKBQGUKkqwk3CtOSKFt1HlruT15kvqcMYkzZU2zIUo8YN%2FnOCSFWiURdTCNsvBL7BZhUSYriP3O%2B9Dek5%2FjXouhnPlk0dZJy609Nz53jI0aFBtreQlUqky9AVPbs5B9KpWV7FdRnjbssGEWxnZqQg%3D%3D
INFO: [ app_init ] --START--
INFO: Run Behavior\BuildLiteBehavior [ RunTime:0.000015s ]
INFO: [ app_init ] --END-- [ RunTime:0.000099s ]
INFO: [ app_begin ] --START--
INFO: Run Behavior\ReadHtmlCacheBehavior [ RunTime:0.000272s ]
INFO: [ app_begin ] --END-- [ RunTime:0.000328s ]

[ 2017-12-16T09:43:03+08:00 ] 113.96.219.247 /admin/www/index.php/Home/Pub/login.html
INFO: [ app_init ] --START--
INFO: Run Behavior\BuildLiteBehavior [ RunTime:0.000016s ]
INFO: [ app_init ] --END-- [ RunTime:0.000105s ]
INFO: [ app_begin ] --START--
INFO: Run Behavior\ReadHtmlCacheBehavior [ RunTime:0.000302s ]
INFO: [ app_begin ] --END-- [ RunTime:0.000360s ]
INFO: [ view_parse ] --START--
INFO: [ template_filter ] --START--
INFO: Run Behavior\ContentReplaceBehavior [ RunTime:0.000057s ]
INFO: [ template_filter ] --END-- [ RunTime:0.000113s ]
INFO: Run Behavior\ParseTemplateBehavior [ RunTime:0.004501s ]
INFO: [ view_parse ] --END-- [ RunTime:0.004580s ]
INFO: [ view_filter ] --START--
INFO: Run Behavior\WriteHtmlCacheBehavior [ RunTime:0.000241s ]
INFO: [ view_filter ] --END-- [ RunTime:0.000284s ]
INFO: [ app_end ] --START--
INFO: Run Behavior\ShowPageTraceBehavior [ RunTime:0.000229s ]
INFO: [ app_end ] --END-- [ RunTime:0.000273s ]

[ 2017-12-16T09:43:06+08:00 ] 125.84.181.20 /admin/www/?nsukey=DM8%2BMk%2FRYns5P7rImPBAwsKO%2BfM4kW9MxFjiymDZXYM2uTS0GKNOAMxLRZQxg7ZQ%2FsKBQGUKkqwk3CtOSKFt1HlruT15kvqcMYkzZU2zIUo8YN%2FnOCSFWiURdTCNsvBL7BZhUSYriP3O%2B9Dek5%2FjXouhnPlk0dZJy609Nz53jI0aFBtreQlUqky9AVPbs5B9KpWV7FdRnjbssGEWxnZqQg%3D%3D
INFO: [ app_init ] --START--
INFO: Run Behavior\BuildLiteBehavior [ RunTime:0.000022s ]
INFO: [ app_init ] --END-- [ RunTime:0.000312s ]
INFO: [ app_begin ] --START--
INFO: Run Behavior\ReadHtmlCacheBehavior [ RunTime:0.000288s ]
INFO: [ app_begin ] --END-- [ RunTime:0.000347s ]

[ 2017-12-16T09:43:06+08:00 ] 125.84.181.20 /admin/www/index.php/Home/Pub/login.html
INFO: [ app_init ] --START--
INFO: Run Behavior\BuildLiteBehavior [ RunTime:0.000018s ]
INFO: [ app_init ] --END-- [ RunTime:0.000100s ]
INFO: [ app_begin ] --START--
INFO: Run Behavior\ReadHtmlCacheBehavior [ RunTime:0.000089s ]
INFO: [ app_begin ] --END-- [ RunTime:0.000147s ]
INFO: [ view_parse ] --START--
INFO: [ template_filter ] --START--
INFO: Run Behavior\ContentReplaceBehavior [ RunTime:0.000060s ]
INFO: [ template_filter ] --END-- [ RunTime:0.000111s ]
INFO: Run Behavior\ParseTemplateBehavior [ RunTime:0.004889s ]
INFO: [ view_parse ] --END-- [ RunTime:0.004976s ]
INFO: [ view_filter ] --START--
INFO: Run Behavior\WriteHtmlCacheBehavior [ RunTime:0.000369s ]
INFO: [ view_filter ] --END-- [ RunTime:0.000427s ]
INFO: [ app_end ] --START--
INFO: Run Behavior\ShowPageTraceBehavior [ RunTime:0.000323s ]
INFO: [ app_end ] --END-- [ RunTime:0.000379s ]

[ 2017-12-16T09:43:08+08:00 ] 120.204.17.70 /admin/www/
INFO: [ app_init ] --START--
INFO: Run Behavior\BuildLiteBehavior [ RunTime:0.000016s ]
INFO: [ app_init ] --END-- [ RunTime:0.000111s ]
INFO: [ app_begin ] --START--
INFO: Run Behavior\ReadHtmlCacheBehavior [ RunTime:0.000084s ]
INFO: [ app_begin ] --END-- [ RunTime:0.000148s ]

[ 2017-12-16T09:43:08+08:00 ] 120.204.17.70 /admin/www/index.php/Home/Pub/login.html
INFO: [ app_init ] --START--
INFO: Run Behavior\BuildLiteBehavior [ RunTime:0.000015s ]
INFO: [ app_init ] --END-- [ RunTime:0.000091s ]
INFO: [ app_begin ] --START--
INFO: Run Behavior\ReadHtmlCacheBehavior [ RunTime:0.000068s ]
INFO: [ app_begin ] --END-- [ RunTime:0.000119s ]
INFO: [ view_parse ] --START--
INFO: [ template_filter ] --START--
INFO: Run Behavior\ContentReplaceBehavior [ RunTime:0.000057s ]
INFO: [ template_filter ] --END-- [ RunTime:0.000104s ]
INFO: Run Behavior\ParseTemplateBehavior [ RunTime:0.003486s ]
INFO: [ view_parse ] --END-- [ RunTime:0.003562s ]
INFO: [ view_filter ] --START--
INFO: Run Behavior\WriteHtmlCacheBehavior [ RunTime:0.000072s ]
INFO: [ view_filter ] --END-- [ RunTime:0.000113s ]
INFO: [ app_end ] --START--
INFO: Run Behavior\ShowPageTraceBehavior [ RunTime:0.000070s ]
INFO: [ app_end ] --END-- [ RunTime:0.000118s ]

[ 2017-12-16T09:43:16+08:00 ] 125.84.181.20 /admin/www/
INFO: [ app_init ] --START--
INFO: Run Behavior\BuildLiteBehavior [ RunTime:0.000017s ]
INFO: [ app_init ] --END-- [ RunTime:0.000116s ]
INFO: [ app_begin ] --START--
INFO: Run Behavior\ReadHtmlCacheBehavior [ RunTime:0.000078s ]
INFO: [ app_begin ] --END-- [ RunTime:0.000134s ]
INFO: [ view_parse ] --START--
INFO: [ template_filter ] --START--
INFO: Run Behavior\ContentReplaceBehavior [ RunTime:0.000076s ]
INFO: [ template_filter ] --END-- [ RunTime:0.000125s ]
INFO: Run Behavior\ParseTemplateBehavior [ RunTime:0.027297s ]
INFO: [ view_parse ] --END-- [ RunTime:0.027370s ]
INFO: [ view_filter ] --START--
INFO: Run Behavior\WriteHtmlCacheBehavior [ RunTime:0.000148s ]
INFO: [ view_filter ] --END-- [ RunTime:0.000206s ]
INFO: [ app_end ] --START--
INFO: Run Behavior\ShowPageTraceBehavior [ RunTime:0.000133s ]
INFO: [ app_end ] --END-- [ RunTime:0.000218s ]

[ 2017-12-16T09:43:17+08:00 ] 125.84.181.20 /admin/www/index.php/Home/Index/index/ac/menu.html
INFO: [ app_init ] --START--
INFO: Run Behavior\BuildLiteBehavior [ RunTime:0.000016s ]
INFO: [ app_init ] --END-- [ RunTime:0.000100s ]
INFO: [ app_begin ] --START--
INFO: Run Behavior\ReadHtmlCacheBehavior [ RunTime:0.000065s ]
INFO: [ app_begin ] --END-- [ RunTime:0.000112s ]
SQL: SHOW COLUMNS FROM `hyz_menu` [ RunTime:0.0854s ]
SQL: SELECT `id`,`pid`,name as text,`url` FROM `hyz_menu` ORDER BY sort asc  [ RunTime:0.0004s ]
SQL: SHOW COLUMNS FROM `hyz_node` [ RunTime:0.0111s ]
SQL: SELECT `id`,title as text,`name`,`sort` FROM `hyz_node` WHERE ( ismenu=1 AND groupid='12' )  [ RunTime:0.0004s ]
SQL: SELECT `id`,title as text,`name`,`sort` FROM `hyz_node` WHERE ( ismenu=1 AND groupid='13' )  [ RunTime:0.0004s ]
SQL: SELECT `id`,title as text,`name`,`sort` FROM `hyz_node` WHERE ( ismenu=1 AND groupid='10' )  [ RunTime:0.0003s ]
SQL: SELECT `id`,title as text,`name`,`sort` FROM `hyz_node` WHERE ( ismenu=1 AND groupid='7' )  [ RunTime:0.0004s ]

[ 2017-12-16T09:43:22+08:00 ] 125.84.181.20 /admin/www/index.php/Home/User/index.html
INFO: [ app_init ] --START--
INFO: Run Behavior\BuildLiteBehavior [ RunTime:0.000021s ]
INFO: [ app_init ] --END-- [ RunTime:0.000126s ]
INFO: [ app_begin ] --START--
INFO: Run Behavior\ReadHtmlCacheBehavior [ RunTime:0.000079s ]
INFO: [ app_begin ] --END-- [ RunTime:0.000131s ]
SQL: SHOW COLUMNS FROM `hyz_user` [ RunTime:0.0185s ]
SQL: SELECT COUNT(*) AS tp_count FROM `hyz_user` LIMIT 1   [ RunTime:0.0004s ]
SQL: SELECT * FROM `hyz_user` LIMIT 0,20   [ RunTime:0.0004s ]
NOTIC: [8] Undefined variable: name C:\phpStudy\WWW\hyz\admin\Application\Home\Controller\UserController.class.php 第 29 行.
INFO: [ view_parse ] --START--
INFO: [ template_filter ] --START--
INFO: Run Behavior\ContentReplaceBehavior [ RunTime:0.000060s ]
INFO: [ template_filter ] --END-- [ RunTime:0.000109s ]
NOTIC: [8] Undefined index: id C:\phpStudy\WWW\hyz\admin\Runtime\Cache\Home\b9311734e911642e1df78ee1c29cc938.php 第 67 行.
INFO: Run Behavior\ParseTemplateBehavior [ RunTime:0.007048s ]
INFO: [ view_parse ] --END-- [ RunTime:0.007119s ]
INFO: [ view_filter ] --START--
INFO: Run Behavior\WriteHtmlCacheBehavior [ RunTime:0.000111s ]
INFO: [ view_filter ] --END-- [ RunTime:0.000162s ]
INFO: [ app_end ] --START--
INFO: Run Behavior\ShowPageTraceBehavior [ RunTime:0.000077s ]
INFO: [ app_end ] --END-- [ RunTime:0.000114s ]

[ 2017-12-16T09:43:27+08:00 ] 125.84.181.20 /admin/www/
INFO: [ app_init ] --START--
INFO: Run Behavior\BuildLiteBehavior [ RunTime:0.000018s ]
INFO: [ app_init ] --END-- [ RunTime:0.000205s ]
INFO: [ app_begin ] --START--
INFO: Run Behavior\ReadHtmlCacheBehavior [ RunTime:0.000320s ]
INFO: [ app_begin ] --END-- [ RunTime:0.000394s ]

[ 2017-12-16T09:43:27+08:00 ] 125.84.181.20 /admin/www/index.php/Home/Pub/login.html
INFO: [ app_init ] --START--
INFO: Run Behavior\BuildLiteBehavior [ RunTime:0.000015s ]
INFO: [ app_init ] --END-- [ RunTime:0.000090s ]
INFO: [ app_begin ] --START--
INFO: Run Behavior\ReadHtmlCacheBehavior [ RunTime:0.000067s ]
INFO: [ app_begin ] --END-- [ RunTime:0.000118s ]
INFO: [ view_parse ] --START--
INFO: [ template_filter ] --START--
INFO: Run Behavior\ContentReplaceBehavior [ RunTime:0.000058s ]
INFO: [ template_filter ] --END-- [ RunTime:0.000107s ]
INFO: Run Behavior\ParseTemplateBehavior [ RunTime:0.004798s ]
INFO: [ view_parse ] --END-- [ RunTime:0.004885s ]
INFO: [ view_filter ] --START--
INFO: Run Behavior\WriteHtmlCacheBehavior [ RunTime:0.000257s ]
INFO: [ view_filter ] --END-- [ RunTime:0.000300s ]
INFO: [ app_end ] --START--
INFO: Run Behavior\ShowPageTraceBehavior [ RunTime:0.000237s ]
INFO: [ app_end ] --END-- [ RunTime:0.000281s ]

[ 2017-12-16T12:23:23+08:00 ] 183.226.123.244 /admin/www/
INFO: [ app_init ] --START--
INFO: Run Behavior\BuildLiteBehavior [ RunTime:0.000018s ]
INFO: [ app_init ] --END-- [ RunTime:0.000304s ]
INFO: [ app_begin ] --START--
INFO: Run Behavior\ReadHtmlCacheBehavior [ RunTime:0.000438s ]
INFO: [ app_begin ] --END-- [ RunTime:0.000509s ]

[ 2017-12-16T12:23:23+08:00 ] 183.226.123.244 /admin/www/index.php/Home/Pub/login.html
INFO: [ app_init ] --START--
INFO: Run Behavior\BuildLiteBehavior [ RunTime:0.000016s ]
INFO: [ app_init ] --END-- [ RunTime:0.000095s ]
INFO: [ app_begin ] --START--
INFO: Run Behavior\ReadHtmlCacheBehavior [ RunTime:0.000367s ]
INFO: [ app_begin ] --END-- [ RunTime:0.000424s ]
INFO: [ view_parse ] --START--
INFO: [ template_filter ] --START--
INFO: Run Behavior\ContentReplaceBehavior [ RunTime:0.000058s ]
INFO: [ template_filter ] --END-- [ RunTime:0.000106s ]
INFO: Run Behavior\ParseTemplateBehavior [ RunTime:0.021585s ]
INFO: [ view_parse ] --END-- [ RunTime:0.021673s ]
INFO: [ view_filter ] --START--
INFO: Run Behavior\WriteHtmlCacheBehavior [ RunTime:0.000587s ]
INFO: [ view_filter ] --END-- [ RunTime:0.000633s ]
INFO: [ app_end ] --START--
INFO: Run Behavior\ShowPageTraceBehavior [ RunTime:0.000435s ]
INFO: [ app_end ] --END-- [ RunTime:0.000483s ]

[ 2017-12-16T12:23:36+08:00 ] 183.226.123.244 /admin/www/index.php/Home/Pub/login.html
INFO: [ app_init ] --START--
INFO: Run Behavior\BuildLiteBehavior [ RunTime:0.000027s ]
INFO: [ app_init ] --END-- [ RunTime:0.000212s ]
INFO: [ app_begin ] --START--
INFO: Run Behavior\ReadHtmlCacheBehavior [ RunTime:0.000295s ]
INFO: [ app_begin ] --END-- [ RunTime:0.000346s ]
SQL: SHOW COLUMNS FROM `hyz_admin` [ RunTime:0.0168s ]
SQL: SELECT * FROM `hyz_admin` WHERE `account` = 'admin' AND `pwd` = '21232f297a57a5a743894a0e4a801fc3' LIMIT 1   [ RunTime:0.0004s ]

[ 2017-12-16T12:23:44+08:00 ] 183.226.123.244 /admin/www/index.php/Home/Pub/login.html
INFO: [ app_init ] --START--
INFO: Run Behavior\BuildLiteBehavior [ RunTime:0.000019s ]
INFO: [ app_init ] --END-- [ RunTime:0.000209s ]
INFO: [ app_begin ] --START--
INFO: Run Behavior\ReadHtmlCacheBehavior [ RunTime:0.000381s ]
INFO: [ app_begin ] --END-- [ RunTime:0.000444s ]
SQL: SHOW COLUMNS FROM `hyz_admin` [ RunTime:0.0183s ]
SQL: SELECT * FROM `hyz_admin` WHERE `account` = 'admin' AND `pwd` = '21232f297a57a5a743894a0e4a801fc3' LIMIT 1   [ RunTime:0.0005s ]

[ 2017-12-16T12:24:56+08:00 ] 183.226.123.244 /admin/www/index.php/Home/Pub/login.html
INFO: [ app_init ] --START--
INFO: Run Behavior\BuildLiteBehavior [ RunTime:0.000017s ]
INFO: [ app_init ] --END-- [ RunTime:0.000115s ]
INFO: [ app_begin ] --START--
INFO: Run Behavior\ReadHtmlCacheBehavior [ RunTime:0.000264s ]
INFO: [ app_begin ] --END-- [ RunTime:0.000315s ]
SQL: SHOW COLUMNS FROM `hyz_admin` [ RunTime:0.0178s ]
SQL: SELECT * FROM `hyz_admin` WHERE `account` = 'admin' AND `pwd` = '062b654fbdf61f036860e9dd1a6789bd' LIMIT 1   [ RunTime:0.0005s ]

[ 2017-12-16T12:24:58+08:00 ] 183.226.123.244 /admin/www/index.php/Home/Index/index.html
INFO: [ app_init ] --START--
INFO: Run Behavior\BuildLiteBehavior [ RunTime:0.000017s ]
INFO: [ app_init ] --END-- [ RunTime:0.000117s ]
INFO: [ app_begin ] --START--
INFO: Run Behavior\ReadHtmlCacheBehavior [ RunTime:0.000280s ]
INFO: [ app_begin ] --END-- [ RunTime:0.000334s ]
INFO: [ view_parse ] --START--
INFO: [ template_filter ] --START--
INFO: Run Behavior\ContentReplaceBehavior [ RunTime:0.000074s ]
INFO: [ template_filter ] --END-- [ RunTime:0.000120s ]
INFO: Run Behavior\ParseTemplateBehavior [ RunTime:0.025693s ]
INFO: [ view_parse ] --END-- [ RunTime:0.025774s ]
INFO: [ view_filter ] --START--
INFO: Run Behavior\WriteHtmlCacheBehavior [ RunTime:0.000498s ]
INFO: [ view_filter ] --END-- [ RunTime:0.000544s ]
INFO: [ app_end ] --START--
INFO: Run Behavior\ShowPageTraceBehavior [ RunTime:0.000435s ]
INFO: [ app_end ] --END-- [ RunTime:0.000489s ]

[ 2017-12-16T12:24:59+08:00 ] 183.226.123.244 /admin/www/index.php/Home/Index/index/ac/menu.html
INFO: [ app_init ] --START--
INFO: Run Behavior\BuildLiteBehavior [ RunTime:0.000016s ]
INFO: [ app_init ] --END-- [ RunTime:0.000099s ]
INFO: [ app_begin ] --START--
INFO: Run Behavior\ReadHtmlCacheBehavior [ RunTime:0.000066s ]
INFO: [ app_begin ] --END-- [ RunTime:0.000123s ]
SQL: SHOW COLUMNS FROM `hyz_menu` [ RunTime:0.0184s ]
SQL: SELECT `id`,`pid`,name as text,`url` FROM `hyz_menu` ORDER BY sort asc  [ RunTime:0.0005s ]
SQL: SHOW COLUMNS FROM `hyz_node` [ RunTime:0.0121s ]
SQL: SELECT `id`,title as text,`name`,`sort` FROM `hyz_node` WHERE ( ismenu=1 AND groupid='12' )  [ RunTime:0.0004s ]
SQL: SELECT `id`,title as text,`name`,`sort` FROM `hyz_node` WHERE ( ismenu=1 AND groupid='13' )  [ RunTime:0.0004s ]
SQL: SELECT `id`,title as text,`name`,`sort` FROM `hyz_node` WHERE ( ismenu=1 AND groupid='10' )  [ RunTime:0.0004s ]
SQL: SELECT `id`,title as text,`name`,`sort` FROM `hyz_node` WHERE ( ismenu=1 AND groupid='7' )  [ RunTime:0.0004s ]

[ 2017-12-16T12:25:02+08:00 ] 183.226.123.244 /admin/www/index.php/Home/User/index.html
INFO: [ app_init ] --START--
INFO: Run Behavior\BuildLiteBehavior [ RunTime:0.000017s ]
INFO: [ app_init ] --END-- [ RunTime:0.000120s ]
INFO: [ app_begin ] --START--
INFO: Run Behavior\ReadHtmlCacheBehavior [ RunTime:0.000092s ]
INFO: [ app_begin ] --END-- [ RunTime:0.000143s ]
SQL: SHOW COLUMNS FROM `hyz_user` [ RunTime:0.0178s ]
SQL: SELECT COUNT(*) AS tp_count FROM `hyz_user` LIMIT 1   [ RunTime:0.0003s ]
SQL: SELECT * FROM `hyz_user` LIMIT 0,20   [ RunTime:0.0005s ]
NOTIC: [8] Undefined variable: name C:\phpStudy\WWW\hyz\admin\Application\Home\Controller\UserController.class.php 第 29 行.
INFO: [ view_parse ] --START--
INFO: [ template_filter ] --START--
INFO: Run Behavior\ContentReplaceBehavior [ RunTime:0.000062s ]
INFO: [ template_filter ] --END-- [ RunTime:0.000112s ]
NOTIC: [8] Undefined index: id C:\phpStudy\WWW\hyz\admin\Runtime\Cache\Home\b9311734e911642e1df78ee1c29cc938.php 第 67 行.
INFO: Run Behavior\ParseTemplateBehavior [ RunTime:0.010003s ]
INFO: [ view_parse ] --END-- [ RunTime:0.010064s ]
INFO: [ view_filter ] --START--
INFO: Run Behavior\WriteHtmlCacheBehavior [ RunTime:0.000472s ]
INFO: [ view_filter ] --END-- [ RunTime:0.000517s ]
INFO: [ app_end ] --START--
INFO: Run Behavior\ShowPageTraceBehavior [ RunTime:0.000367s ]
INFO: [ app_end ] --END-- [ RunTime:0.000412s ]

[ 2017-12-16T12:25:05+08:00 ] 183.226.123.244 /admin/www/index.php/Home/User/index.html
INFO: [ app_init ] --START--
INFO: Run Behavior\BuildLiteBehavior [ RunTime:0.000018s ]
INFO: [ app_init ] --END-- [ RunTime:0.000204s ]
INFO: [ app_begin ] --START--
INFO: Run Behavior\ReadHtmlCacheBehavior [ RunTime:0.000290s ]
INFO: [ app_begin ] --END-- [ RunTime:0.000348s ]
SQL: SHOW COLUMNS FROM `hyz_user` [ RunTime:0.0171s ]
SQL: SELECT COUNT(*) AS tp_count FROM `hyz_user` LIMIT 1   [ RunTime:0.0004s ]
SQL: SELECT * FROM `hyz_user` LIMIT 0,20   [ RunTime:0.0004s ]
NOTIC: [8] Undefined variable: name C:\phpStudy\WWW\hyz\admin\Application\Home\Controller\UserController.class.php 第 29 行.
INFO: [ view_parse ] --START--
INFO: [ template_filter ] --START--
INFO: Run Behavior\ContentReplaceBehavior [ RunTime:0.000063s ]
INFO: [ template_filter ] --END-- [ RunTime:0.000111s ]
NOTIC: [8] Undefined index: id C:\phpStudy\WWW\hyz\admin\Runtime\Cache\Home\b9311734e911642e1df78ee1c29cc938.php 第 67 行.
INFO: Run Behavior\ParseTemplateBehavior [ RunTime:0.008676s ]
INFO: [ view_parse ] --END-- [ RunTime:0.008739s ]
INFO: [ view_filter ] --START--
INFO: Run Behavior\WriteHtmlCacheBehavior [ RunTime:0.000271s ]
INFO: [ view_filter ] --END-- [ RunTime:0.000315s ]
INFO: [ app_end ] --START--
INFO: Run Behavior\ShowPageTraceBehavior [ RunTime:0.000246s ]
INFO: [ app_end ] --END-- [ RunTime:0.000291s ]

[ 2017-12-16T12:25:06+08:00 ] 183.226.123.244 /admin/www/index.php/Home/User/index.html
INFO: [ app_init ] --START--
INFO: Run Behavior\BuildLiteBehavior [ RunTime:0.000021s ]
INFO: [ app_init ] --END-- [ RunTime:0.000143s ]
INFO: [ app_begin ] --START--
INFO: Run Behavior\ReadHtmlCacheBehavior [ RunTime:0.000289s ]
INFO: [ app_begin ] --END-- [ RunTime:0.000344s ]
SQL: SHOW COLUMNS FROM `hyz_user` [ RunTime:0.0204s ]
SQL: SELECT COUNT(*) AS tp_count FROM `hyz_user` LIMIT 1   [ RunTime:0.0004s ]
SQL: SELECT * FROM `hyz_user` LIMIT 0,20   [ RunTime:0.0005s ]
NOTIC: [8] Undefined variable: name C:\phpStudy\WWW\hyz\admin\Application\Home\Controller\UserController.class.php 第 29 行.
INFO: [ view_parse ] --START--
INFO: [ template_filter ] --START--
INFO: Run Behavior\ContentReplaceBehavior [ RunTime:0.000063s ]
INFO: [ template_filter ] --END-- [ RunTime:0.000112s ]
NOTIC: [8] Undefined index: id C:\phpStudy\WWW\hyz\admin\Runtime\Cache\Home\b9311734e911642e1df78ee1c29cc938.php 第 67 行.
INFO: Run Behavior\ParseTemplateBehavior [ RunTime:0.009118s ]
INFO: [ view_parse ] --END-- [ RunTime:0.009218s ]
INFO: [ view_filter ] --START--
INFO: Run Behavior\WriteHtmlCacheBehavior [ RunTime:0.000353s ]
INFO: [ view_filter ] --END-- [ RunTime:0.000400s ]
INFO: [ app_end ] --START--
INFO: Run Behavior\ShowPageTraceBehavior [ RunTime:0.000313s ]
INFO: [ app_end ] --END-- [ RunTime:0.000359s ]

[ 2017-12-16T12:25:51+08:00 ] 183.226.123.244 /admin/www/index.php/Home/Business/index.html
INFO: [ app_init ] --START--
INFO: Run Behavior\BuildLiteBehavior [ RunTime:0.000019s ]
INFO: [ app_init ] --END-- [ RunTime:0.000199s ]
INFO: [ app_begin ] --START--
INFO: Run Behavior\ReadHtmlCacheBehavior [ RunTime:0.000438s ]
INFO: [ app_begin ] --END-- [ RunTime:0.000496s ]
ERR: 无法加载控制器:Business

[ 2017-12-16T12:25:54+08:00 ] 183.226.123.244 /admin/www/index.php/Home/Advert/index.html
INFO: [ app_init ] --START--
INFO: Run Behavior\BuildLiteBehavior [ RunTime:0.000015s ]
INFO: [ app_init ] --END-- [ RunTime:0.000092s ]
INFO: [ app_begin ] --START--
INFO: Run Behavior\ReadHtmlCacheBehavior [ RunTime:0.000291s ]
INFO: [ app_begin ] --END-- [ RunTime:0.000349s ]
SQL: SHOW COLUMNS FROM `hyz_advert` [ RunTime:0.0169s ]
SQL: SELECT COUNT(*) AS tp_count FROM `hyz_advert` LIMIT 1   [ RunTime:0.0005s ]
SQL: SELECT * FROM `hyz_advert` LIMIT 0,20   [ RunTime:0.0004s ]
NOTIC: [8] Undefined variable: name C:\phpStudy\WWW\hyz\admin\Application\Home\Controller\AdvertController.class.php 第 34 行.
INFO: [ view_parse ] --START--
INFO: [ template_filter ] --START--
INFO: Run Behavior\ContentReplaceBehavior [ RunTime:0.000072s ]
INFO: [ template_filter ] --END-- [ RunTime:0.000141s ]
INFO: Run Behavior\ParseTemplateBehavior [ RunTime:0.026362s ]
INFO: [ view_parse ] --END-- [ RunTime:0.026440s ]
INFO: [ view_filter ] --START--
INFO: Run Behavior\WriteHtmlCacheBehavior [ RunTime:0.000457s ]
INFO: [ view_filter ] --END-- [ RunTime:0.000507s ]
INFO: [ app_end ] --START--
INFO: Run Behavior\ShowPageTraceBehavior [ RunTime:0.000458s ]
INFO: [ app_end ] --END-- [ RunTime:0.000512s ]

[ 2017-12-16T12:25:55+08:00 ] 183.226.123.244 /admin/www/index.php/Home/Rabc/roleadmin.html
INFO: [ app_init ] --START--
INFO: Run Behavior\BuildLiteBehavior [ RunTime:0.000026s ]
INFO: [ app_init ] --END-- [ RunTime:0.000259s ]
INFO: [ app_begin ] --START--
INFO: Run Behavior\ReadHtmlCacheBehavior [ RunTime:0.000568s ]
INFO: [ app_begin ] --END-- [ RunTime:0.000632s ]
SQL: SHOW COLUMNS FROM `hyz_role` [ RunTime:0.0165s ]
SQL: SELECT * FROM `hyz_role` ORDER BY id desc  [ RunTime:0.0004s ]
INFO: [ view_parse ] --START--
INFO: [ template_filter ] --START--
INFO: Run Behavior\ContentReplaceBehavior [ RunTime:0.000071s ]
INFO: [ template_filter ] --END-- [ RunTime:0.000121s ]
NOTIC: [8] Undefined variable: item C:\phpStudy\WWW\hyz\admin\Runtime\Cache\Home\eb053667eff8fe54333ab81f0fdc1bca.php 第 38 行.
NOTIC: [8] Undefined variable: fpage C:\phpStudy\WWW\hyz\admin\Runtime\Cache\Home\eb053667eff8fe54333ab81f0fdc1bca.php 第 74 行.
INFO: Run Behavior\ParseTemplateBehavior [ RunTime:0.008194s ]
INFO: [ view_parse ] --END-- [ RunTime:0.008302s ]
INFO: [ view_filter ] --START--
INFO: Run Behavior\WriteHtmlCacheBehavior [ RunTime:0.000318s ]
INFO: [ view_filter ] --END-- [ RunTime:0.000362s ]
INFO: [ app_end ] --START--
INFO: Run Behavior\ShowPageTraceBehavior [ RunTime:0.000351s ]
INFO: [ app_end ] --END-- [ RunTime:0.000405s ]

[ 2017-12-16T12:25:56+08:00 ] 183.226.123.244 /admin/www/index.php/Home/Advert/index.html
INFO: [ app_init ] --START--
INFO: Run Behavior\BuildLiteBehavior [ RunTime:0.000015s ]
INFO: [ app_init ] --END-- [ RunTime:0.000091s ]
INFO: [ app_begin ] --START--
INFO: Run Behavior\ReadHtmlCacheBehavior [ RunTime:0.000270s ]
INFO: [ app_begin ] --END-- [ RunTime:0.000325s ]
SQL: SHOW COLUMNS FROM `hyz_advert` [ RunTime:0.0794s ]
SQL: SELECT COUNT(*) AS tp_count FROM `hyz_advert` LIMIT 1   [ RunTime:0.0004s ]
SQL: SELECT * FROM `hyz_advert` LIMIT 0,20   [ RunTime:0.0004s ]
NOTIC: [8] Undefined variable: name C:\phpStudy\WWW\hyz\admin\Application\Home\Controller\AdvertController.class.php 第 34 行.
INFO: [ view_parse ] --START--
INFO: [ template_filter ] --START--
INFO: Run Behavior\ContentReplaceBehavior [ RunTime:0.000053s ]
INFO: [ template_filter ] --END-- [ RunTime:0.000105s ]
INFO: Run Behavior\ParseTemplateBehavior [ RunTime:0.007030s ]
INFO: [ view_parse ] --END-- [ RunTime:0.007097s ]
INFO: [ view_filter ] --START--
INFO: Run Behavior\WriteHtmlCacheBehavior [ RunTime:0.000390s ]
INFO: [ view_filter ] --END-- [ RunTime:0.000453s ]
INFO: [ app_end ] --START--
INFO: Run Behavior\ShowPageTraceBehavior [ RunTime:0.000297s ]
INFO: [ app_end ] --END-- [ RunTime:0.000342s ]

[ 2017-12-16T12:41:24+08:00 ] 183.226.123.244 /admin/www/index.php/Home/User/index.html
INFO: [ app_init ] --START--
INFO: Run Behavior\BuildLiteBehavior [ RunTime:0.000024s ]
INFO: [ app_init ] --END-- [ RunTime:0.000275s ]
INFO: [ app_begin ] --START--
INFO: Run Behavior\ReadHtmlCacheBehavior [ RunTime:0.000582s ]
INFO: [ app_begin ] --END-- [ RunTime:0.000658s ]
SQL: SHOW COLUMNS FROM `hyz_user` [ RunTime:0.0185s ]
SQL: SELECT COUNT(*) AS tp_count FROM `hyz_user` LIMIT 1   [ RunTime:0.0004s ]
SQL: SELECT * FROM `hyz_user` LIMIT 0,20   [ RunTime:0.0006s ]
NOTIC: [8] Undefined variable: name C:\phpStudy\WWW\hyz\admin\Application\Home\Controller\UserController.class.php 第 29 行.
INFO: [ view_parse ] --START--
INFO: [ template_filter ] --START--
INFO: Run Behavior\ContentReplaceBehavior [ RunTime:0.000061s ]
INFO: [ template_filter ] --END-- [ RunTime:0.000110s ]
NOTIC: [8] Undefined index: id C:\phpStudy\WWW\hyz\admin\Runtime\Cache\Home\b9311734e911642e1df78ee1c29cc938.php 第 67 行.
INFO: Run Behavior\ParseTemplateBehavior [ RunTime:0.008513s ]
INFO: [ view_parse ] --END-- [ RunTime:0.008584s ]
INFO: [ view_filter ] --START--
INFO: Run Behavior\WriteHtmlCacheBehavior [ RunTime:0.000399s ]
INFO: [ view_filter ] --END-- [ RunTime:0.000442s ]
INFO: [ app_end ] --START--
INFO: Run Behavior\ShowPageTraceBehavior [ RunTime:0.000353s ]
INFO: [ app_end ] --END-- [ RunTime:0.000398s ]

[ 2017-12-16T12:43:52+08:00 ] 183.226.123.244 /admin/www/index.php/Home/Index/index.html
INFO: [ app_init ] --START--
INFO: Run Behavior\BuildLiteBehavior [ RunTime:0.000019s ]
INFO: [ app_init ] --END-- [ RunTime:0.000207s ]
INFO: [ app_begin ] --START--
INFO: Run Behavior\ReadHtmlCacheBehavior [ RunTime:0.000404s ]
INFO: [ app_begin ] --END-- [ RunTime:0.000461s ]
INFO: [ view_parse ] --START--
INFO: [ template_filter ] --START--
INFO: Run Behavior\ContentReplaceBehavior [ RunTime:0.000070s ]
INFO: [ template_filter ] --END-- [ RunTime:0.000119s ]
INFO: Run Behavior\ParseTemplateBehavior [ RunTime:0.023928s ]
INFO: [ view_parse ] --END-- [ RunTime:0.023997s ]
INFO: [ view_filter ] --START--
INFO: Run Behavior\WriteHtmlCacheBehavior [ RunTime:0.000415s ]
INFO: [ view_filter ] --END-- [ RunTime:0.000459s ]
INFO: [ app_end ] --START--
INFO: Run Behavior\ShowPageTraceBehavior [ RunTime:0.000375s ]
INFO: [ app_end ] --END-- [ RunTime:0.000430s ]

[ 2017-12-16T12:43:53+08:00 ] 183.226.123.244 /admin/www/index.php/Home/Index/index/ac/menu.html
INFO: [ app_init ] --START--
INFO: Run Behavior\BuildLiteBehavior [ RunTime:0.000015s ]
INFO: [ app_init ] --END-- [ RunTime:0.000110s ]
INFO: [ app_begin ] --START--
INFO: Run Behavior\ReadHtmlCacheBehavior [ RunTime:0.000301s ]
INFO: [ app_begin ] --END-- [ RunTime:0.000370s ]
SQL: SHOW COLUMNS FROM `hyz_menu` [ RunTime:0.0151s ]
SQL: SELECT `id`,`pid`,name as text,`url` FROM `hyz_menu` ORDER BY sort asc  [ RunTime:0.0004s ]
SQL: SHOW COLUMNS FROM `hyz_node` [ RunTime:0.0103s ]
SQL: SELECT `id`,title as text,`name`,`sort` FROM `hyz_node` WHERE ( ismenu=1 AND groupid='12' )  [ RunTime:0.0004s ]
SQL: SELECT `id`,title as text,`name`,`sort` FROM `hyz_node` WHERE ( ismenu=1 AND groupid='13' )  [ RunTime:0.0003s ]
SQL: SELECT `id`,title as text,`name`,`sort` FROM `hyz_node` WHERE ( ismenu=1 AND groupid='10' )  [ RunTime:0.0003s ]
SQL: SELECT `id`,title as text,`name`,`sort` FROM `hyz_node` WHERE ( ismenu=1 AND groupid='7' )  [ RunTime:0.0004s ]

[ 2017-12-16T12:43:56+08:00 ] 183.226.123.244 /admin/www/index.php/Home/User/index.html
INFO: [ app_init ] --START--
INFO: Run Behavior\BuildLiteBehavior [ RunTime:0.000018s ]
INFO: [ app_init ] --END-- [ RunTime:0.000223s ]
INFO: [ app_begin ] --START--
INFO: Run Behavior\ReadHtmlCacheBehavior [ RunTime:0.000347s ]
INFO: [ app_begin ] --END-- [ RunTime:0.000404s ]
SQL: SHOW COLUMNS FROM `hyz_user` [ RunTime:0.0146s ]
SQL: SELECT COUNT(*) AS tp_count FROM `hyz_user` LIMIT 1   [ RunTime:0.0003s ]
SQL: SELECT * FROM `hyz_user` LIMIT 0,20   [ RunTime:0.0004s ]
NOTIC: [8] Undefined variable: name C:\phpStudy\WWW\hyz\admin\Application\Home\Controller\UserController.class.php 第 29 行.
INFO: [ view_parse ] --START--
INFO: [ template_filter ] --START--
INFO: Run Behavior\ContentReplaceBehavior [ RunTime:0.000063s ]
INFO: [ template_filter ] --END-- [ RunTime:0.000115s ]
NOTIC: [8] Undefined index: id C:\phpStudy\WWW\hyz\admin\Runtime\Cache\Home\b9311734e911642e1df78ee1c29cc938.php 第 67 行.
NOTIC: [8] Undefined index: id C:\phpStudy\WWW\hyz\admin\Runtime\Cache\Home\b9311734e911642e1df78ee1c29cc938.php 第 67 行.
INFO: Run Behavior\ParseTemplateBehavior [ RunTime:0.007906s ]
INFO: [ view_parse ] --END-- [ RunTime:0.007968s ]
INFO: [ view_filter ] --START--
INFO: Run Behavior\WriteHtmlCacheBehavior [ RunTime:0.000412s ]
INFO: [ view_filter ] --END-- [ RunTime:0.000457s ]
INFO: [ app_end ] --START--
INFO: Run Behavior\ShowPageTraceBehavior [ RunTime:0.000364s ]
INFO: [ app_end ] --END-- [ RunTime:0.000410s ]

[ 2017-12-16T12:50:30+08:00 ] 183.226.123.244 /admin/www/index.php/Home/Index/index/ac/menu.html
INFO: [ app_init ] --START--
INFO: Run Behavior\BuildLiteBehavior [ RunTime:0.000019s ]
INFO: [ app_init ] --END-- [ RunTime:0.000209s ]
INFO: [ app_begin ] --START--
INFO: Run Behavior\ReadHtmlCacheBehavior [ RunTime:0.000302s ]
INFO: [ app_begin ] --END-- [ RunTime:0.000356s ]

[ 2017-12-16T12:50:30+08:00 ] 183.226.123.244 /admin/www/index.php/Home/Pub/login.html
INFO: [ app_init ] --START--
INFO: Run Behavior\BuildLiteBehavior [ RunTime:0.000015s ]
INFO: [ app_init ] --END-- [ RunTime:0.000091s ]
INFO: [ app_begin ] --START--
INFO: Run Behavior\ReadHtmlCacheBehavior [ RunTime:0.000070s ]
INFO: [ app_begin ] --END-- [ RunTime:0.000118s ]
INFO: [ view_parse ] --START--
INFO: [ template_filter ] --START--
INFO: Run Behavior\ContentReplaceBehavior [ RunTime:0.000058s ]
INFO: [ template_filter ] --END-- [ RunTime:0.000105s ]
INFO: Run Behavior\ParseTemplateBehavior [ RunTime:0.005452s ]
INFO: [ view_parse ] --END-- [ RunTime:0.005533s ]
INFO: [ view_filter ] --START--
INFO: Run Behavior\WriteHtmlCacheBehavior [ RunTime:0.000396s ]
INFO: [ view_filter ] --END-- [ RunTime:0.000438s ]
INFO: [ app_end ] --START--
INFO: Run Behavior\ShowPageTraceBehavior [ RunTime:0.000355s ]
INFO: [ app_end ] --END-- [ RunTime:0.000399s ]

[ 2017-12-16T12:50:37+08:00 ] 183.226.123.244 /admin/www/index.php/Home/Index/index.html
INFO: [ app_init ] --START--
INFO: Run Behavior\BuildLiteBehavior [ RunTime:0.000027s ]
INFO: [ app_init ] --END-- [ RunTime:0.000225s ]
INFO: [ app_begin ] --START--
INFO: Run Behavior\ReadHtmlCacheBehavior [ RunTime:0.000289s ]
INFO: [ app_begin ] --END-- [ RunTime:0.000346s ]

[ 2017-12-16T12:50:37+08:00 ] 183.226.123.244 /admin/www/index.php/Home/Pub/login.html
INFO: [ app_init ] --START--
INFO: Run Behavior\BuildLiteBehavior [ RunTime:0.000018s ]
INFO: [ app_init ] --END-- [ RunTime:0.000100s ]
INFO: [ app_begin ] --START--
INFO: Run Behavior\ReadHtmlCacheBehavior [ RunTime:0.000080s ]
INFO: [ app_begin ] --END-- [ RunTime:0.000138s ]
INFO: [ view_parse ] --START--
INFO: [ template_filter ] --START--
INFO: Run Behavior\ContentReplaceBehavior [ RunTime:0.000061s ]
INFO: [ template_filter ] --END-- [ RunTime:0.000117s ]
INFO: Run Behavior\ParseTemplateBehavior [ RunTime:0.004879s ]
INFO: [ view_parse ] --END-- [ RunTime:0.004967s ]
INFO: [ view_filter ] --START--
INFO: Run Behavior\WriteHtmlCacheBehavior [ RunTime:0.000278s ]
INFO: [ view_filter ] --END-- [ RunTime:0.000327s ]
INFO: [ app_end ] --START--
INFO: Run Behavior\ShowPageTraceBehavior [ RunTime:0.000282s ]
INFO: [ app_end ] --END-- [ RunTime:0.000334s ]

[ 2017-12-16T12:50:40+08:00 ] 183.226.123.244 /admin/www/index.php/Home/Pub/login.html
INFO: [ app_init ] --START--
INFO: Run Behavior\BuildLiteBehavior [ RunTime:0.000015s ]
INFO: [ app_init ] --END-- [ RunTime:0.000098s ]
INFO: [ app_begin ] --START--
INFO: Run Behavior\ReadHtmlCacheBehavior [ RunTime:0.000064s ]
INFO: [ app_begin ] --END-- [ RunTime:0.000112s ]
SQL: SHOW COLUMNS FROM `hyz_admin` [ RunTime:0.0182s ]
SQL: SELECT * FROM `hyz_admin` WHERE `account` = 'admin' AND `pwd` = '062b654fbdf61f036860e9dd1a6789bd' LIMIT 1   [ RunTime:0.0005s ]

[ 2017-12-16T12:50:42+08:00 ] 183.226.123.244 /admin/www/index.php/Home/Index/index.html
INFO: [ app_init ] --START--
INFO: Run Behavior\BuildLiteBehavior [ RunTime:0.000018s ]
INFO: [ app_init ] --END-- [ RunTime:0.000135s ]
INFO: [ app_begin ] --START--
INFO: Run Behavior\ReadHtmlCacheBehavior [ RunTime:0.000080s ]
INFO: [ app_begin ] --END-- [ RunTime:0.000149s ]
INFO: [ view_parse ] --START--
INFO: [ template_filter ] --START--
INFO: Run Behavior\ContentReplaceBehavior [ RunTime:0.000070s ]
INFO: [ template_filter ] --END-- [ RunTime:0.000127s ]
INFO: Run Behavior\ParseTemplateBehavior [ RunTime:0.022432s ]
INFO: [ view_parse ] --END-- [ RunTime:0.022503s ]
INFO: [ view_filter ] --START--
INFO: Run Behavior\WriteHtmlCacheBehavior [ RunTime:0.000100s ]
INFO: [ view_filter ] --END-- [ RunTime:0.000140s ]
INFO: [ app_end ] --START--
INFO: Run Behavior\ShowPageTraceBehavior [ RunTime:0.000087s ]
INFO: [ app_end ] --END-- [ RunTime:0.000136s ]

[ 2017-12-16T12:50:43+08:00 ] 183.226.123.244 /admin/www/index.php/Home/Index/index/ac/menu.html
INFO: [ app_init ] --START--
INFO: Run Behavior\BuildLiteBehavior [ RunTime:0.000020s ]
INFO: [ app_init ] --END-- [ RunTime:0.000115s ]
INFO: [ app_begin ] --START--
INFO: Run Behavior\ReadHtmlCacheBehavior [ RunTime:0.000089s ]
INFO: [ app_begin ] --END-- [ RunTime:0.000154s ]
SQL: SHOW COLUMNS FROM `hyz_menu` [ RunTime:0.0150s ]
SQL: SELECT `id`,`pid`,name as text,`url` FROM `hyz_menu` ORDER BY sort asc  [ RunTime:0.0004s ]
SQL: SHOW COLUMNS FROM `hyz_node` [ RunTime:0.0107s ]
SQL: SELECT `id`,title as text,`name`,`sort` FROM `hyz_node` WHERE ( ismenu=1 AND groupid='12' )  [ RunTime:0.0004s ]
SQL: SELECT `id`,title as text,`name`,`sort` FROM `hyz_node` WHERE ( ismenu=1 AND groupid='13' )  [ RunTime:0.0003s ]
SQL: SELECT `id`,title as text,`name`,`sort` FROM `hyz_node` WHERE ( ismenu=1 AND groupid='10' )  [ RunTime:0.0004s ]
SQL: SELECT `id`,title as text,`name`,`sort` FROM `hyz_node` WHERE ( ismenu=1 AND groupid='7' )  [ RunTime:0.0003s ]

[ 2017-12-16T12:50:57+08:00 ] 183.226.123.244 /admin/www/index.php/Home/User/index.html
INFO: [ app_init ] --START--
INFO: Run Behavior\BuildLiteBehavior [ RunTime:0.000024s ]
INFO: [ app_init ] --END-- [ RunTime:0.000133s ]
INFO: [ app_begin ] --START--
INFO: Run Behavior\ReadHtmlCacheBehavior [ RunTime:0.000082s ]
INFO: [ app_begin ] --END-- [ RunTime:0.000143s ]
SQL: SHOW COLUMNS FROM `hyz_user` [ RunTime:0.0167s ]
SQL: SELECT COUNT(*) AS tp_count FROM `hyz_user` LIMIT 1   [ RunTime:0.0003s ]
SQL: SELECT * FROM `hyz_user` LIMIT 0,20   [ RunTime:0.0004s ]
NOTIC: [8] Undefined variable: name C:\phpStudy\WWW\hyz\admin\Application\Home\Controller\UserController.class.php 第 29 行.
INFO: [ view_parse ] --START--
INFO: [ template_filter ] --START--
INFO: Run Behavior\ContentReplaceBehavior [ RunTime:0.000061s ]
INFO: [ template_filter ] --END-- [ RunTime:0.000114s ]
NOTIC: [8] Undefined index: id C:\phpStudy\WWW\hyz\admin\Runtime\Cache\Home\b9311734e911642e1df78ee1c29cc938.php 第 67 行.
NOTIC: [8] Undefined index: id C:\phpStudy\WWW\hyz\admin\Runtime\Cache\Home\b9311734e911642e1df78ee1c29cc938.php 第 67 行.
INFO: Run Behavior\ParseTemplateBehavior [ RunTime:0.006680s ]
INFO: [ view_parse ] --END-- [ RunTime:0.006753s ]
INFO: [ view_filter ] --START--
INFO: Run Behavior\WriteHtmlCacheBehavior [ RunTime:0.000113s ]
INFO: [ view_filter ] --END-- [ RunTime:0.000179s ]
INFO: [ app_end ] --START--
INFO: Run Behavior\ShowPageTraceBehavior [ RunTime:0.000084s ]
INFO: [ app_end ] --END-- [ RunTime:0.000133s ]

