[ 2017-12-19T10:25:29+08:00 ] 127.0.0.1 /admin/www/
INFO: [ app_init ] --START--
INFO: Run Behavior\BuildLiteBehavior [ RunTime:0.000021s ]
INFO: [ app_init ] --END-- [ RunTime:0.000388s ]
INFO: [ app_begin ] --START--
INFO: Run Behavior\ReadHtmlCacheBehavior [ RunTime:0.000512s ]
INFO: [ app_begin ] --END-- [ RunTime:0.000628s ]

[ 2017-12-19T10:25:29+08:00 ] 127.0.0.1 /admin/www/index.php/Home/Pub/login.html
INFO: [ app_init ] --START--
INFO: Run Behavior\BuildLiteBehavior [ RunTime:0.000020s ]
INFO: [ app_init ] --END-- [ RunTime:0.000331s ]
INFO: [ app_begin ] --START--
INFO: Run Behavior\ReadHtmlCacheBehavior [ RunTime:0.000490s ]
INFO: [ app_begin ] --END-- [ RunTime:0.000599s ]
INFO: [ view_parse ] --START--
INFO: [ template_filter ] --START--
INFO: Run Behavior\ContentReplaceBehavior [ RunTime:0.008509s ]
INFO: [ template_filter ] --END-- [ RunTime:0.008644s ]
INFO: Run Behavior\ParseTemplateBehavior [ RunTime:0.096976s ]
INFO: [ view_parse ] --END-- [ RunTime:0.097144s ]
INFO: [ view_filter ] --START--
INFO: Run Behavior\WriteHtmlCacheBehavior [ RunTime:0.000752s ]
INFO: [ view_filter ] --END-- [ RunTime:0.000921s ]
INFO: [ app_end ] --START--
INFO: Run Behavior\ShowPageTraceBehavior [ RunTime:0.000996s ]
INFO: [ app_end ] --END-- [ RunTime:0.001187s ]

[ 2017-12-19T10:25:49+08:00 ] 127.0.0.1 /admin/www/index.php/Home/Pub/login.html
INFO: [ app_init ] --START--
INFO: Run Behavior\BuildLiteBehavior [ RunTime:0.000021s ]
INFO: [ app_init ] --END-- [ RunTime:0.000736s ]
INFO: [ app_begin ] --START--
INFO: Run Behavior\ReadHtmlCacheBehavior [ RunTime:0.000467s ]
INFO: [ app_begin ] --END-- [ RunTime:0.000549s ]
SQL: SHOW COLUMNS FROM `hyz_admin` [ RunTime:0.0111s ]
SQL: SELECT * FROM `hyz_admin` WHERE `account` = 'administarter' AND `pwd` = 'e10adc3949ba59abbe56e057f20f883e' LIMIT 1   [ RunTime:0.0003s ]

[ 2017-12-19T10:25:51+08:00 ] 127.0.0.1 /admin/www/index.php/Home/Index/index.html
INFO: [ app_init ] --START--
INFO: Run Behavior\BuildLiteBehavior [ RunTime:0.000045s ]
INFO: [ app_init ] --END-- [ RunTime:0.000677s ]
INFO: [ app_begin ] --START--
INFO: Run Behavior\ReadHtmlCacheBehavior [ RunTime:0.001053s ]
INFO: [ app_begin ] --END-- [ RunTime:0.001303s ]
INFO: [ view_parse ] --START--
INFO: [ template_filter ] --START--
INFO: Run Behavior\ContentReplaceBehavior [ RunTime:0.000118s ]
INFO: [ template_filter ] --END-- [ RunTime:0.000232s ]
INFO: Run Behavior\ParseTemplateBehavior [ RunTime:0.027803s ]
INFO: [ view_parse ] --END-- [ RunTime:0.027959s ]
INFO: [ view_filter ] --START--
INFO: Run Behavior\WriteHtmlCacheBehavior [ RunTime:0.000401s ]
INFO: [ view_filter ] --END-- [ RunTime:0.000497s ]
INFO: [ app_end ] --START--
INFO: Run Behavior\ShowPageTraceBehavior [ RunTime:0.000552s ]
INFO: [ app_end ] --END-- [ RunTime:0.000650s ]

[ 2017-12-19T10:25:52+08:00 ] 127.0.0.1 /admin/www/index.php/Home/Index/index/ac/menu.html
INFO: [ app_init ] --START--
INFO: Run Behavior\BuildLiteBehavior [ RunTime:0.000020s ]
INFO: [ app_init ] --END-- [ RunTime:0.000393s ]
INFO: [ app_begin ] --START--
INFO: Run Behavior\ReadHtmlCacheBehavior [ RunTime:0.000546s ]
INFO: [ app_begin ] --END-- [ RunTime:0.000639s ]
SQL: SHOW COLUMNS FROM `hyz_menu` [ RunTime:0.0144s ]
SQL: SELECT `id`,`pid`,name as text,`url` FROM `hyz_menu` ORDER BY sort asc  [ RunTime:0.0007s ]
SQL: SHOW COLUMNS FROM `hyz_node` [ RunTime:0.0105s ]
SQL: SELECT `id`,title as text,`name`,`sort` FROM `hyz_node` WHERE ( ismenu=1 AND groupid='12' )  [ RunTime:0.0029s ]
SQL: SELECT `id`,title as text,`name`,`sort` FROM `hyz_node` WHERE ( ismenu=1 AND groupid='13' )  [ RunTime:0.0002s ]
SQL: SELECT `id`,title as text,`name`,`sort` FROM `hyz_node` WHERE ( ismenu=1 AND groupid='10' )  [ RunTime:0.0001s ]
SQL: SELECT `id`,title as text,`name`,`sort` FROM `hyz_node` WHERE ( ismenu=1 AND groupid='7' )  [ RunTime:0.0001s ]

[ 2017-12-19T10:25:54+08:00 ] 127.0.0.1 /admin/www/index.php/Home/User/index.html
INFO: [ app_init ] --START--
INFO: Run Behavior\BuildLiteBehavior [ RunTime:0.000037s ]
INFO: [ app_init ] --END-- [ RunTime:0.000691s ]
INFO: [ app_begin ] --START--
INFO: Run Behavior\ReadHtmlCacheBehavior [ RunTime:0.000547s ]
INFO: [ app_begin ] --END-- [ RunTime:0.000684s ]
SQL: SHOW COLUMNS FROM `hyz_user` [ RunTime:0.0141s ]
SQL: SELECT COUNT(*) AS tp_count FROM `hyz_user` LIMIT 1   [ RunTime:0.0019s ]
SQL: SELECT * FROM `hyz_user` LIMIT 0,20   [ RunTime:0.0002s ]
NOTIC: [8] Undefined variable: name C:\wamp\www\admin\Application\Home\Controller\UserController.class.php 第 29 行.
INFO: [ view_parse ] --START--
INFO: [ template_filter ] --START--
INFO: Run Behavior\ContentReplaceBehavior [ RunTime:0.000073s ]
INFO: [ template_filter ] --END-- [ RunTime:0.000164s ]
NOTIC: [8] Undefined index: id C:\wamp\www\admin\Runtime\Cache\Home\b9311734e911642e1df78ee1c29cc938.php 第 67 行.
INFO: Run Behavior\ParseTemplateBehavior [ RunTime:0.034101s ]
INFO: [ view_parse ] --END-- [ RunTime:0.034219s ]
INFO: [ view_filter ] --START--
INFO: Run Behavior\WriteHtmlCacheBehavior [ RunTime:0.000362s ]
INFO: [ view_filter ] --END-- [ RunTime:0.000443s ]
INFO: [ app_end ] --START--
INFO: Run Behavior\ShowPageTraceBehavior [ RunTime:0.000552s ]
INFO: [ app_end ] --END-- [ RunTime:0.000660s ]

[ 2017-12-19T10:29:09+08:00 ] 127.0.0.1 /admin/www/index.php/Home/Index/index.html
INFO: [ app_init ] --START--
INFO: Run Behavior\BuildLiteBehavior [ RunTime:0.000034s ]
INFO: [ app_init ] --END-- [ RunTime:0.000561s ]
INFO: [ app_begin ] --START--
INFO: Run Behavior\ReadHtmlCacheBehavior [ RunTime:0.000658s ]
INFO: [ app_begin ] --END-- [ RunTime:0.000797s ]
INFO: [ view_parse ] --START--
INFO: [ template_filter ] --START--
INFO: Run Behavior\ContentReplaceBehavior [ RunTime:0.000091s ]
INFO: [ template_filter ] --END-- [ RunTime:0.000188s ]
INFO: Run Behavior\ParseTemplateBehavior [ RunTime:0.022564s ]
INFO: [ view_parse ] --END-- [ RunTime:0.022674s ]
INFO: [ view_filter ] --START--
INFO: Run Behavior\WriteHtmlCacheBehavior [ RunTime:0.000402s ]
INFO: [ view_filter ] --END-- [ RunTime:0.000487s ]
INFO: [ app_end ] --START--
INFO: Run Behavior\ShowPageTraceBehavior [ RunTime:0.000494s ]
INFO: [ app_end ] --END-- [ RunTime:0.000581s ]

[ 2017-12-19T10:29:09+08:00 ] 127.0.0.1 /admin/www/index.php/Home/Index/index/ac/menu.html
INFO: [ app_init ] --START--
INFO: Run Behavior\BuildLiteBehavior [ RunTime:0.000020s ]
INFO: [ app_init ] --END-- [ RunTime:0.000358s ]
INFO: [ app_begin ] --START--
INFO: Run Behavior\ReadHtmlCacheBehavior [ RunTime:0.000477s ]
INFO: [ app_begin ] --END-- [ RunTime:0.000560s ]
SQL: SHOW COLUMNS FROM `hyz_menu` [ RunTime:0.0124s ]
SQL: SELECT `id`,`pid`,name as text,`url` FROM `hyz_menu` ORDER BY sort asc  [ RunTime:0.0020s ]
SQL: SHOW COLUMNS FROM `hyz_node` [ RunTime:0.0069s ]
SQL: SELECT `id`,title as text,`name`,`sort` FROM `hyz_node` WHERE ( ismenu=1 AND groupid='12' )  [ RunTime:0.0003s ]
SQL: SELECT `id`,title as text,`name`,`sort` FROM `hyz_node` WHERE ( ismenu=1 AND groupid='13' )  [ RunTime:0.0002s ]
SQL: SELECT `id`,title as text,`name`,`sort` FROM `hyz_node` WHERE ( ismenu=1 AND groupid='10' )  [ RunTime:0.0001s ]
SQL: SELECT `id`,title as text,`name`,`sort` FROM `hyz_node` WHERE ( ismenu=1 AND groupid='14' )  [ RunTime:0.0001s ]
SQL: SELECT `id`,title as text,`name`,`sort` FROM `hyz_node` WHERE ( ismenu=1 AND groupid='7' )  [ RunTime:0.0001s ]

[ 2017-12-19T10:29:14+08:00 ] 127.0.0.1 /admin/www/index.php/Home/Product/productList.html
INFO: [ app_init ] --START--
INFO: Run Behavior\BuildLiteBehavior [ RunTime:0.000020s ]
INFO: [ app_init ] --END-- [ RunTime:0.000329s ]
INFO: [ app_begin ] --START--
INFO: Run Behavior\ReadHtmlCacheBehavior [ RunTime:0.000541s ]
INFO: [ app_begin ] --END-- [ RunTime:0.000644s ]
SQL: SHOW COLUMNS FROM `hyz_product` [ RunTime:0.0131s ]
NOTIC: [8] Undefined variable: where C:\wamp\www\admin\Application\Home\Controller\ProductController.class.php 第 31 行.
SQL: SELECT * FROM `hyz_product` ORDER BY product_id desc  [ RunTime:0.0003s ]
INFO: [ view_parse ] --START--
INFO: [ template_filter ] --START--
INFO: Run Behavior\ContentReplaceBehavior [ RunTime:0.000074s ]
INFO: [ template_filter ] --END-- [ RunTime:0.000167s ]
NOTIC: [8] Undefined variable: product_name C:\wamp\www\admin\Runtime\Cache\Home\66b6c2f58e8d1a58b5e9f842955b9640.php 第 40 行.
NOTIC: [8] Undefined index: page C:\wamp\www\admin\Runtime\Cache\Home\66b6c2f58e8d1a58b5e9f842955b9640.php 第 47 行.
NOTIC: [8] Undefined index: qq C:\wamp\www\admin\Runtime\Cache\Home\66b6c2f58e8d1a58b5e9f842955b9640.php 第 70 行.
NOTIC: [8] Undefined index: province C:\wamp\www\admin\Runtime\Cache\Home\66b6c2f58e8d1a58b5e9f842955b9640.php 第 71 行.
NOTIC: [8] Undefined index: city C:\wamp\www\admin\Runtime\Cache\Home\66b6c2f58e8d1a58b5e9f842955b9640.php 第 72 行.
NOTIC: [8] Undefined index: county C:\wamp\www\admin\Runtime\Cache\Home\66b6c2f58e8d1a58b5e9f842955b9640.php 第 73 行.
NOTIC: [8] Undefined index: qq C:\wamp\www\admin\Runtime\Cache\Home\66b6c2f58e8d1a58b5e9f842955b9640.php 第 70 行.
NOTIC: [8] Undefined index: province C:\wamp\www\admin\Runtime\Cache\Home\66b6c2f58e8d1a58b5e9f842955b9640.php 第 71 行.
NOTIC: [8] Undefined index: city C:\wamp\www\admin\Runtime\Cache\Home\66b6c2f58e8d1a58b5e9f842955b9640.php 第 72 行.
NOTIC: [8] Undefined index: county C:\wamp\www\admin\Runtime\Cache\Home\66b6c2f58e8d1a58b5e9f842955b9640.php 第 73 行.
NOTIC: [8] Undefined index: qq C:\wamp\www\admin\Runtime\Cache\Home\66b6c2f58e8d1a58b5e9f842955b9640.php 第 70 行.
NOTIC: [8] Undefined index: province C:\wamp\www\admin\Runtime\Cache\Home\66b6c2f58e8d1a58b5e9f842955b9640.php 第 71 行.
NOTIC: [8] Undefined index: city C:\wamp\www\admin\Runtime\Cache\Home\66b6c2f58e8d1a58b5e9f842955b9640.php 第 72 行.
NOTIC: [8] Undefined index: county C:\wamp\www\admin\Runtime\Cache\Home\66b6c2f58e8d1a58b5e9f842955b9640.php 第 73 行.
NOTIC: [8] Undefined variable: fpage C:\wamp\www\admin\Runtime\Cache\Home\66b6c2f58e8d1a58b5e9f842955b9640.php 第 87 行.
INFO: Run Behavior\ParseTemplateBehavior [ RunTime:0.025787s ]
INFO: [ view_parse ] --END-- [ RunTime:0.025880s ]
INFO: [ view_filter ] --START--
INFO: Run Behavior\WriteHtmlCacheBehavior [ RunTime:0.000371s ]
INFO: [ view_filter ] --END-- [ RunTime:0.000453s ]
INFO: [ app_end ] --START--
INFO: Run Behavior\ShowPageTraceBehavior [ RunTime:0.000480s ]
INFO: [ app_end ] --END-- [ RunTime:0.000568s ]

[ 2017-12-19T10:29:17+08:00 ] 127.0.0.1 /admin/www/index.php/Home/Rabc/roleadmin.html
INFO: [ app_init ] --START--
INFO: Run Behavior\BuildLiteBehavior [ RunTime:0.000020s ]
INFO: [ app_init ] --END-- [ RunTime:0.000366s ]
INFO: [ app_begin ] --START--
INFO: Run Behavior\ReadHtmlCacheBehavior [ RunTime:0.000481s ]
INFO: [ app_begin ] --END-- [ RunTime:0.000615s ]
SQL: SHOW COLUMNS FROM `hyz_role` [ RunTime:0.0122s ]
SQL: SELECT * FROM `hyz_role` ORDER BY id desc  [ RunTime:0.0002s ]
INFO: [ view_parse ] --START--
INFO: [ template_filter ] --START--
INFO: Run Behavior\ContentReplaceBehavior [ RunTime:0.000083s ]
INFO: [ template_filter ] --END-- [ RunTime:0.000173s ]
NOTIC: [8] Undefined variable: item C:\wamp\www\admin\Runtime\Cache\Home\eb053667eff8fe54333ab81f0fdc1bca.php 第 38 行.
NOTIC: [8] Undefined variable: fpage C:\wamp\www\admin\Runtime\Cache\Home\eb053667eff8fe54333ab81f0fdc1bca.php 第 74 行.
INFO: Run Behavior\ParseTemplateBehavior [ RunTime:0.026035s ]
INFO: [ view_parse ] --END-- [ RunTime:0.026131s ]
INFO: [ view_filter ] --START--
INFO: Run Behavior\WriteHtmlCacheBehavior [ RunTime:0.000374s ]
INFO: [ view_filter ] --END-- [ RunTime:0.000456s ]
INFO: [ app_end ] --START--
INFO: Run Behavior\ShowPageTraceBehavior [ RunTime:0.000486s ]
INFO: [ app_end ] --END-- [ RunTime:0.000568s ]

[ 2017-12-19T10:29:18+08:00 ] 127.0.0.1 /admin/www/index.php/Home/Business/index.html
INFO: [ app_init ] --START--
INFO: Run Behavior\BuildLiteBehavior [ RunTime:0.000020s ]
INFO: [ app_init ] --END-- [ RunTime:0.000321s ]
INFO: [ app_begin ] --START--
INFO: Run Behavior\ReadHtmlCacheBehavior [ RunTime:0.000477s ]
INFO: [ app_begin ] --END-- [ RunTime:0.000580s ]
ERR: 无法加载控制器:Business

[ 2017-12-19T10:29:19+08:00 ] 127.0.0.1 /admin/www/index.php/Home/User/index.html
INFO: [ app_init ] --START--
INFO: Run Behavior\BuildLiteBehavior [ RunTime:0.000020s ]
INFO: [ app_init ] --END-- [ RunTime:0.000343s ]
INFO: [ app_begin ] --START--
INFO: Run Behavior\ReadHtmlCacheBehavior [ RunTime:0.000477s ]
INFO: [ app_begin ] --END-- [ RunTime:0.000576s ]
SQL: SHOW COLUMNS FROM `hyz_user` [ RunTime:0.0126s ]
SQL: SELECT COUNT(*) AS tp_count FROM `hyz_user` LIMIT 1   [ RunTime:0.0002s ]
SQL: SELECT * FROM `hyz_user` LIMIT 0,20   [ RunTime:0.0003s ]
NOTIC: [8] Undefined variable: name C:\wamp\www\admin\Application\Home\Controller\UserController.class.php 第 29 行.
INFO: [ view_parse ] --START--
INFO: [ template_filter ] --START--
INFO: Run Behavior\ContentReplaceBehavior [ RunTime:0.000072s ]
INFO: [ template_filter ] --END-- [ RunTime:0.000198s ]
NOTIC: [8] Undefined index: id C:\wamp\www\admin\Runtime\Cache\Home\b9311734e911642e1df78ee1c29cc938.php 第 67 行.
NOTIC: [8] Undefined index: id C:\wamp\www\admin\Runtime\Cache\Home\b9311734e911642e1df78ee1c29cc938.php 第 67 行.
NOTIC: [8] Undefined index: id C:\wamp\www\admin\Runtime\Cache\Home\b9311734e911642e1df78ee1c29cc938.php 第 67 行.
NOTIC: [8] Undefined index: id C:\wamp\www\admin\Runtime\Cache\Home\b9311734e911642e1df78ee1c29cc938.php 第 67 行.
INFO: Run Behavior\ParseTemplateBehavior [ RunTime:0.009800s ]
INFO: [ view_parse ] --END-- [ RunTime:0.009895s ]
INFO: [ view_filter ] --START--
INFO: Run Behavior\WriteHtmlCacheBehavior [ RunTime:0.000372s ]
INFO: [ view_filter ] --END-- [ RunTime:0.000454s ]
INFO: [ app_end ] --START--
INFO: Run Behavior\ShowPageTraceBehavior [ RunTime:0.000512s ]
INFO: [ app_end ] --END-- [ RunTime:0.000623s ]

[ 2017-12-19T10:29:21+08:00 ] 127.0.0.1 /admin/www/index.php/Home/Product/productList.html
INFO: [ app_init ] --START--
INFO: Run Behavior\BuildLiteBehavior [ RunTime:0.000021s ]
INFO: [ app_init ] --END-- [ RunTime:0.000319s ]
INFO: [ app_begin ] --START--
INFO: Run Behavior\ReadHtmlCacheBehavior [ RunTime:0.000497s ]
INFO: [ app_begin ] --END-- [ RunTime:0.000599s ]
SQL: SHOW COLUMNS FROM `hyz_product` [ RunTime:0.0102s ]
NOTIC: [8] Undefined variable: where C:\wamp\www\admin\Application\Home\Controller\ProductController.class.php 第 31 行.
SQL: SELECT * FROM `hyz_product` ORDER BY product_id desc  [ RunTime:0.0003s ]
INFO: [ view_parse ] --START--
INFO: [ template_filter ] --START--
INFO: Run Behavior\ContentReplaceBehavior [ RunTime:0.000074s ]
INFO: [ template_filter ] --END-- [ RunTime:0.000167s ]
NOTIC: [8] Undefined variable: product_name C:\wamp\www\admin\Runtime\Cache\Home\66b6c2f58e8d1a58b5e9f842955b9640.php 第 40 行.
NOTIC: [8] Undefined index: page C:\wamp\www\admin\Runtime\Cache\Home\66b6c2f58e8d1a58b5e9f842955b9640.php 第 47 行.
NOTIC: [8] Undefined index: qq C:\wamp\www\admin\Runtime\Cache\Home\66b6c2f58e8d1a58b5e9f842955b9640.php 第 70 行.
NOTIC: [8] Undefined index: province C:\wamp\www\admin\Runtime\Cache\Home\66b6c2f58e8d1a58b5e9f842955b9640.php 第 71 行.
NOTIC: [8] Undefined index: city C:\wamp\www\admin\Runtime\Cache\Home\66b6c2f58e8d1a58b5e9f842955b9640.php 第 72 行.
NOTIC: [8] Undefined index: county C:\wamp\www\admin\Runtime\Cache\Home\66b6c2f58e8d1a58b5e9f842955b9640.php 第 73 行.
NOTIC: [8] Undefined index: qq C:\wamp\www\admin\Runtime\Cache\Home\66b6c2f58e8d1a58b5e9f842955b9640.php 第 70 行.
NOTIC: [8] Undefined index: province C:\wamp\www\admin\Runtime\Cache\Home\66b6c2f58e8d1a58b5e9f842955b9640.php 第 71 行.
NOTIC: [8] Undefined index: city C:\wamp\www\admin\Runtime\Cache\Home\66b6c2f58e8d1a58b5e9f842955b9640.php 第 72 行.
NOTIC: [8] Undefined index: county C:\wamp\www\admin\Runtime\Cache\Home\66b6c2f58e8d1a58b5e9f842955b9640.php 第 73 行.
NOTIC: [8] Undefined index: qq C:\wamp\www\admin\Runtime\Cache\Home\66b6c2f58e8d1a58b5e9f842955b9640.php 第 70 行.
NOTIC: [8] Undefined index: province C:\wamp\www\admin\Runtime\Cache\Home\66b6c2f58e8d1a58b5e9f842955b9640.php 第 71 行.
NOTIC: [8] Undefined index: city C:\wamp\www\admin\Runtime\Cache\Home\66b6c2f58e8d1a58b5e9f842955b9640.php 第 72 行.
NOTIC: [8] Undefined index: county C:\wamp\www\admin\Runtime\Cache\Home\66b6c2f58e8d1a58b5e9f842955b9640.php 第 73 行.
NOTIC: [8] Undefined variable: fpage C:\wamp\www\admin\Runtime\Cache\Home\66b6c2f58e8d1a58b5e9f842955b9640.php 第 87 行.
INFO: Run Behavior\ParseTemplateBehavior [ RunTime:0.010204s ]
INFO: [ view_parse ] --END-- [ RunTime:0.010300s ]
INFO: [ view_filter ] --START--
INFO: Run Behavior\WriteHtmlCacheBehavior [ RunTime:0.000379s ]
INFO: [ view_filter ] --END-- [ RunTime:0.000461s ]
INFO: [ app_end ] --START--
INFO: Run Behavior\ShowPageTraceBehavior [ RunTime:0.000517s ]
INFO: [ app_end ] --END-- [ RunTime:0.000602s ]

[ 2017-12-19T10:29:30+08:00 ] 127.0.0.1 /admin/www/index.php/Home/User/index.html
INFO: [ app_init ] --START--
INFO: Run Behavior\BuildLiteBehavior [ RunTime:0.000021s ]
INFO: [ app_init ] --END-- [ RunTime:0.000327s ]
INFO: [ app_begin ] --START--
INFO: Run Behavior\ReadHtmlCacheBehavior [ RunTime:0.000503s ]
INFO: [ app_begin ] --END-- [ RunTime:0.000613s ]
SQL: SHOW COLUMNS FROM `hyz_user` [ RunTime:0.0106s ]
SQL: SELECT COUNT(*) AS tp_count FROM `hyz_user` LIMIT 1   [ RunTime:0.0002s ]
SQL: SELECT * FROM `hyz_user` LIMIT 0,20   [ RunTime:0.0003s ]
NOTIC: [8] Undefined variable: name C:\wamp\www\admin\Application\Home\Controller\UserController.class.php 第 29 行.
INFO: [ view_parse ] --START--
INFO: [ template_filter ] --START--
INFO: Run Behavior\ContentReplaceBehavior [ RunTime:0.000073s ]
INFO: [ template_filter ] --END-- [ RunTime:0.000166s ]
NOTIC: [8] Undefined index: id C:\wamp\www\admin\Runtime\Cache\Home\b9311734e911642e1df78ee1c29cc938.php 第 67 行.
NOTIC: [8] Undefined index: id C:\wamp\www\admin\Runtime\Cache\Home\b9311734e911642e1df78ee1c29cc938.php 第 67 行.
NOTIC: [8] Undefined index: id C:\wamp\www\admin\Runtime\Cache\Home\b9311734e911642e1df78ee1c29cc938.php 第 67 行.
NOTIC: [8] Undefined index: id C:\wamp\www\admin\Runtime\Cache\Home\b9311734e911642e1df78ee1c29cc938.php 第 67 行.
INFO: Run Behavior\ParseTemplateBehavior [ RunTime:0.009903s ]
INFO: [ view_parse ] --END-- [ RunTime:0.009999s ]
INFO: [ view_filter ] --START--
INFO: Run Behavior\WriteHtmlCacheBehavior [ RunTime:0.000362s ]
INFO: [ view_filter ] --END-- [ RunTime:0.000444s ]
INFO: [ app_end ] --START--
INFO: Run Behavior\ShowPageTraceBehavior [ RunTime:0.000488s ]
INFO: [ app_end ] --END-- [ RunTime:0.000571s ]

[ 2017-12-19T10:29:31+08:00 ] 127.0.0.1 /admin/www/index.php/Home/Business/index.html
INFO: [ app_init ] --START--
INFO: Run Behavior\BuildLiteBehavior [ RunTime:0.000019s ]
INFO: [ app_init ] --END-- [ RunTime:0.000340s ]
INFO: [ app_begin ] --START--
INFO: Run Behavior\ReadHtmlCacheBehavior [ RunTime:0.000473s ]
INFO: [ app_begin ] --END-- [ RunTime:0.000572s ]
ERR: 无法加载控制器:Business

[ 2017-12-19T10:29:32+08:00 ] 127.0.0.1 /admin/www/index.php/Home/Advert/index.html
INFO: [ app_init ] --START--
INFO: Run Behavior\BuildLiteBehavior [ RunTime:0.000020s ]
INFO: [ app_init ] --END-- [ RunTime:0.000321s ]
INFO: [ app_begin ] --START--
INFO: Run Behavior\ReadHtmlCacheBehavior [ RunTime:0.000474s ]
INFO: [ app_begin ] --END-- [ RunTime:0.000574s ]
SQL: SHOW COLUMNS FROM `hyz_advert` [ RunTime:0.0133s ]
SQL: SELECT COUNT(*) AS tp_count FROM `hyz_advert` LIMIT 1   [ RunTime:0.0013s ]
SQL: SELECT * FROM `hyz_advert` LIMIT 0,20   [ RunTime:0.0002s ]
NOTIC: [8] Undefined variable: name C:\wamp\www\admin\Application\Home\Controller\AdvertController.class.php 第 34 行.
INFO: [ view_parse ] --START--
INFO: [ template_filter ] --START--
INFO: Run Behavior\ContentReplaceBehavior [ RunTime:0.000064s ]
INFO: [ template_filter ] --END-- [ RunTime:0.000153s ]
INFO: Run Behavior\ParseTemplateBehavior [ RunTime:0.023083s ]
INFO: [ view_parse ] --END-- [ RunTime:0.023183s ]
INFO: [ view_filter ] --START--
INFO: Run Behavior\WriteHtmlCacheBehavior [ RunTime:0.000373s ]
INFO: [ view_filter ] --END-- [ RunTime:0.000459s ]
INFO: [ app_end ] --START--
INFO: Run Behavior\ShowPageTraceBehavior [ RunTime:0.000500s ]
INFO: [ app_end ] --END-- [ RunTime:0.000586s ]

[ 2017-12-19T10:29:33+08:00 ] 127.0.0.1 /admin/www/index.php/Home/Product/productList.html
INFO: [ app_init ] --START--
INFO: Run Behavior\BuildLiteBehavior [ RunTime:0.000020s ]
INFO: [ app_init ] --END-- [ RunTime:0.000324s ]
INFO: [ app_begin ] --START--
INFO: Run Behavior\ReadHtmlCacheBehavior [ RunTime:0.000498s ]
INFO: [ app_begin ] --END-- [ RunTime:0.000630s ]
SQL: SHOW COLUMNS FROM `hyz_product` [ RunTime:0.0071s ]
NOTIC: [8] Undefined variable: where C:\wamp\www\admin\Application\Home\Controller\ProductController.class.php 第 31 行.
SQL: SELECT * FROM `hyz_product` ORDER BY product_id desc  [ RunTime:0.0003s ]
INFO: [ view_parse ] --START--
INFO: [ template_filter ] --START--
INFO: Run Behavior\ContentReplaceBehavior [ RunTime:0.000074s ]
INFO: [ template_filter ] --END-- [ RunTime:0.000165s ]
NOTIC: [8] Undefined variable: product_name C:\wamp\www\admin\Runtime\Cache\Home\66b6c2f58e8d1a58b5e9f842955b9640.php 第 40 行.
NOTIC: [8] Undefined index: page C:\wamp\www\admin\Runtime\Cache\Home\66b6c2f58e8d1a58b5e9f842955b9640.php 第 47 行.
NOTIC: [8] Undefined index: qq C:\wamp\www\admin\Runtime\Cache\Home\66b6c2f58e8d1a58b5e9f842955b9640.php 第 70 行.
NOTIC: [8] Undefined index: province C:\wamp\www\admin\Runtime\Cache\Home\66b6c2f58e8d1a58b5e9f842955b9640.php 第 71 行.
NOTIC: [8] Undefined index: city C:\wamp\www\admin\Runtime\Cache\Home\66b6c2f58e8d1a58b5e9f842955b9640.php 第 72 行.
NOTIC: [8] Undefined index: county C:\wamp\www\admin\Runtime\Cache\Home\66b6c2f58e8d1a58b5e9f842955b9640.php 第 73 行.
NOTIC: [8] Undefined index: qq C:\wamp\www\admin\Runtime\Cache\Home\66b6c2f58e8d1a58b5e9f842955b9640.php 第 70 行.
NOTIC: [8] Undefined index: province C:\wamp\www\admin\Runtime\Cache\Home\66b6c2f58e8d1a58b5e9f842955b9640.php 第 71 行.
NOTIC: [8] Undefined index: city C:\wamp\www\admin\Runtime\Cache\Home\66b6c2f58e8d1a58b5e9f842955b9640.php 第 72 行.
NOTIC: [8] Undefined index: county C:\wamp\www\admin\Runtime\Cache\Home\66b6c2f58e8d1a58b5e9f842955b9640.php 第 73 行.
NOTIC: [8] Undefined index: qq C:\wamp\www\admin\Runtime\Cache\Home\66b6c2f58e8d1a58b5e9f842955b9640.php 第 70 行.
NOTIC: [8] Undefined index: province C:\wamp\www\admin\Runtime\Cache\Home\66b6c2f58e8d1a58b5e9f842955b9640.php 第 71 行.
NOTIC: [8] Undefined index: city C:\wamp\www\admin\Runtime\Cache\Home\66b6c2f58e8d1a58b5e9f842955b9640.php 第 72 行.
NOTIC: [8] Undefined index: county C:\wamp\www\admin\Runtime\Cache\Home\66b6c2f58e8d1a58b5e9f842955b9640.php 第 73 行.
NOTIC: [8] Undefined variable: fpage C:\wamp\www\admin\Runtime\Cache\Home\66b6c2f58e8d1a58b5e9f842955b9640.php 第 87 行.
INFO: Run Behavior\ParseTemplateBehavior [ RunTime:0.010469s ]
INFO: [ view_parse ] --END-- [ RunTime:0.010562s ]
INFO: [ view_filter ] --START--
INFO: Run Behavior\WriteHtmlCacheBehavior [ RunTime:0.000369s ]
INFO: [ view_filter ] --END-- [ RunTime:0.000450s ]
INFO: [ app_end ] --START--
INFO: Run Behavior\ShowPageTraceBehavior [ RunTime:0.000468s ]
INFO: [ app_end ] --END-- [ RunTime:0.000555s ]

[ 2017-12-19T10:35:30+08:00 ] 127.0.0.1 /admin/www/index.php/Home/User/index.html
INFO: [ app_init ] --START--
INFO: Run Behavior\BuildLiteBehavior [ RunTime:0.000021s ]
INFO: [ app_init ] --END-- [ RunTime:0.000400s ]
INFO: [ app_begin ] --START--
INFO: Run Behavior\ReadHtmlCacheBehavior [ RunTime:0.000532s ]
INFO: [ app_begin ] --END-- [ RunTime:0.000654s ]
SQL: SHOW COLUMNS FROM `hyz_user` [ RunTime:0.0126s ]
SQL: SELECT COUNT(*) AS tp_count FROM `hyz_user` LIMIT 1   [ RunTime:0.0002s ]
SQL: SELECT * FROM `hyz_user` LIMIT 0,20   [ RunTime:0.0003s ]
NOTIC: [8] Undefined variable: name C:\wamp\www\admin\Application\Home\Controller\UserController.class.php 第 29 行.
INFO: [ view_parse ] --START--
INFO: [ template_filter ] --START--
INFO: Run Behavior\ContentReplaceBehavior [ RunTime:0.000094s ]
INFO: [ template_filter ] --END-- [ RunTime:0.000208s ]
NOTIC: [8] Undefined index: id C:\wamp\www\admin\Runtime\Cache\Home\b9311734e911642e1df78ee1c29cc938.php 第 67 行.
NOTIC: [8] Undefined index: id C:\wamp\www\admin\Runtime\Cache\Home\b9311734e911642e1df78ee1c29cc938.php 第 67 行.
NOTIC: [8] Undefined index: id C:\wamp\www\admin\Runtime\Cache\Home\b9311734e911642e1df78ee1c29cc938.php 第 67 行.
NOTIC: [8] Undefined index: id C:\wamp\www\admin\Runtime\Cache\Home\b9311734e911642e1df78ee1c29cc938.php 第 67 行.
INFO: Run Behavior\ParseTemplateBehavior [ RunTime:0.011027s ]
INFO: [ view_parse ] --END-- [ RunTime:0.011142s ]
INFO: [ view_filter ] --START--
INFO: Run Behavior\WriteHtmlCacheBehavior [ RunTime:0.000354s ]
INFO: [ view_filter ] --END-- [ RunTime:0.000437s ]
INFO: [ app_end ] --START--
INFO: Run Behavior\ShowPageTraceBehavior [ RunTime:0.000518s ]
INFO: [ app_end ] --END-- [ RunTime:0.000626s ]

[ 2017-12-19T10:41:12+08:00 ] 127.0.0.1 /admin/www/index.php/Home/User/index.html
INFO: [ app_init ] --START--
INFO: Run Behavior\BuildLiteBehavior [ RunTime:0.000020s ]
INFO: [ app_init ] --END-- [ RunTime:0.000346s ]
INFO: [ app_begin ] --START--
INFO: Run Behavior\ReadHtmlCacheBehavior [ RunTime:0.000499s ]
INFO: [ app_begin ] --END-- [ RunTime:0.000608s ]
SQL: SHOW COLUMNS FROM `hyz_user` [ RunTime:0.0098s ]
SQL: SELECT COUNT(*) AS tp_count FROM `hyz_user` LIMIT 1   [ RunTime:0.0002s ]
SQL: SELECT * FROM `hyz_user` LIMIT 0,20   [ RunTime:0.0003s ]
NOTIC: [8] Undefined variable: name C:\wamp\www\admin\Application\Home\Controller\UserController.class.php 第 29 行.
INFO: [ view_parse ] --START--
INFO: [ template_filter ] --START--
INFO: Run Behavior\ContentReplaceBehavior [ RunTime:0.000078s ]
INFO: [ template_filter ] --END-- [ RunTime:0.000172s ]
NOTIC: [8] Undefined index: id C:\wamp\www\admin\Runtime\Cache\Home\b9311734e911642e1df78ee1c29cc938.php 第 67 行.
NOTIC: [8] Undefined index: id C:\wamp\www\admin\Runtime\Cache\Home\b9311734e911642e1df78ee1c29cc938.php 第 67 行.
NOTIC: [8] Undefined index: id C:\wamp\www\admin\Runtime\Cache\Home\b9311734e911642e1df78ee1c29cc938.php 第 67 行.
NOTIC: [8] Undefined index: id C:\wamp\www\admin\Runtime\Cache\Home\b9311734e911642e1df78ee1c29cc938.php 第 67 行.
INFO: Run Behavior\ParseTemplateBehavior [ RunTime:0.011015s ]
INFO: [ view_parse ] --END-- [ RunTime:0.011112s ]
INFO: [ view_filter ] --START--
INFO: Run Behavior\WriteHtmlCacheBehavior [ RunTime:0.000377s ]
INFO: [ view_filter ] --END-- [ RunTime:0.000463s ]
INFO: [ app_end ] --START--
INFO: Run Behavior\ShowPageTraceBehavior [ RunTime:0.000500s ]
INFO: [ app_end ] --END-- [ RunTime:0.000589s ]

